Removed Pin From Net: NetName=AGND Pin=C23_1-1
Removed Pin From Net: NetName=AGND Pin=C23_2-1
Removed Pin From Net: NetName=AGND Pin=C23_3-1
Removed Pin From Net: NetName=AGND Pin=C24_1-1
Removed Pin From Net: NetName=AGND Pin=C24_2-1
Removed Pin From Net: NetName=AGND Pin=C24_3-1
Removed Pin From Net: NetName=AGND Pin=C25_1-1
Removed Pin From Net: NetName=AGND Pin=C25_2-1
Removed Pin From Net: NetName=AGND Pin=C25_3-1
Removed Pin From Net: NetName=AGND Pin=C26_1-1
Removed Pin From Net: NetName=AGND Pin=C26_2-1
Removed Pin From Net: NetName=AGND Pin=C26_3-1
Removed Pin From Net: NetName=AGND Pin=C28_1-1
Removed Pin From Net: NetName=AGND Pin=C28_2-1
Removed Pin From Net: NetName=AGND Pin=C28_3-1
Removed Pin From Net: NetName=AGND Pin=C29_1-1
Removed Pin From Net: NetName=AGND Pin=C29_2-1
Removed Pin From Net: NetName=AGND Pin=C29_3-1
Removed Pin From Net: NetName=AGND Pin=C30_1-1
Removed Pin From Net: NetName=AGND Pin=C30_2-1
Removed Pin From Net: NetName=AGND Pin=C30_3-1
Removed Pin From Net: NetName=AGND Pin=C31_1-1
Removed Pin From Net: NetName=AGND Pin=C31_2-1
Removed Pin From Net: NetName=AGND Pin=C31_3-1
Removed Pin From Net: NetName=AGND Pin=R14_1-1
Removed Pin From Net: NetName=AGND Pin=R14_2-1
Removed Pin From Net: NetName=AGND Pin=R14_3-1
Removed Pin From Net: NetName=AGND Pin=R16_1-1
Removed Pin From Net: NetName=AGND Pin=R16_2-1
Removed Pin From Net: NetName=AGND Pin=R16_3-1
Removed Pin From Net: NetName=AGND Pin=R20_1-1
Removed Pin From Net: NetName=AGND Pin=R20_2-1
Removed Pin From Net: NetName=AGND Pin=R20_3-1
Removed Pin From Net: NetName=AGND Pin=R24_1-1
Removed Pin From Net: NetName=AGND Pin=R24_2-1
Removed Pin From Net: NetName=AGND Pin=R24_3-1
Removed Pin From Net: NetName=NetC42_2 Pin=U7-6
Change Component Footprint: Designator=DS1 Old Footprint=VISH-TLMX1100_V New Footprint=VISH-TLMX1100_V
Change Component Footprint: Designator=DS2 Old Footprint=VISH-TLMX1100_V New Footprint=VISH-TLMX1100_V
Added Pin To Net: NetName=GND Pin=C23_1-1
Added Pin To Net: NetName=GND Pin=C23_2-1
Added Pin To Net: NetName=GND Pin=C23_3-1
Added Pin To Net: NetName=GND Pin=C24_1-1
Added Pin To Net: NetName=GND Pin=C24_2-1
Added Pin To Net: NetName=GND Pin=C24_3-1
Added Pin To Net: NetName=GND Pin=C25_1-1
Added Pin To Net: NetName=GND Pin=C25_2-1
Added Pin To Net: NetName=GND Pin=C25_3-1
Added Pin To Net: NetName=GND Pin=C26_1-1
Added Pin To Net: NetName=GND Pin=C26_2-1
Added Pin To Net: NetName=GND Pin=C26_3-1
Added Pin To Net: NetName=GND Pin=C28_1-1
Added Pin To Net: NetName=GND Pin=C28_2-1
Added Pin To Net: NetName=GND Pin=C28_3-1
Added Pin To Net: NetName=GND Pin=C29_1-1
Added Pin To Net: NetName=GND Pin=C29_2-1
Added Pin To Net: NetName=GND Pin=C29_3-1
Added Pin To Net: NetName=GND Pin=C30_1-1
Added Pin To Net: NetName=GND Pin=C30_2-1
Added Pin To Net: NetName=GND Pin=C30_3-1
Added Pin To Net: NetName=GND Pin=C31_1-1
Added Pin To Net: NetName=GND Pin=C31_2-1
Added Pin To Net: NetName=GND Pin=C31_3-1
Added Pin To Net: NetName=GND Pin=R14_1-1
Added Pin To Net: NetName=GND Pin=R14_2-1
Added Pin To Net: NetName=GND Pin=R14_3-1
Added Pin To Net: NetName=GND Pin=R16_1-1
Added Pin To Net: NetName=GND Pin=R16_2-1
Added Pin To Net: NetName=GND Pin=R16_3-1
Added Pin To Net: NetName=GND Pin=R20_1-1
Added Pin To Net: NetName=GND Pin=R20_2-1
Added Pin To Net: NetName=GND Pin=R20_3-1
Added Pin To Net: NetName=GND Pin=R24_1-1
Added Pin To Net: NetName=GND Pin=R24_2-1
Added Pin To Net: NetName=GND Pin=R24_3-1
Added Pin To Net: NetName=NetC42_2 Pin=U7-6
Added Room: Name=1
Added Room: Name=2
Added Room: Name=3
Added Room: Name=4
Added Room: Name=Fdbk_11
Added Room: Name=Fdbk_12
Added Room: Name=Fdbk_13
Added Room: Name=Fdbk_21
Added Room: Name=Fdbk_22
Added Room: Name=Fdbk_23
Added Room: Name=Intermediate_LCL_Top_20230320
Added Room: Name=LCL_11
Added Room: Name=LCL_12
Added Room: Name=LCL_13
Added Room: Name=LCL_21
Added Room: Name=LCL_22
Added Room: Name=LCL_23
