Removed Pin From Net: NetName=NetC92_1_1 Pin=C92_1-1
Removed Pin From Net: NetName=NetC92_1_1 Pin=C92_2-1
Removed Pin From Net: NetName=NetC92_1_1 Pin=C92_3-1
Removed Pin From Net: NetName=NetC92_1_1 Pin=C92_5-1
Removed Pin From Net: NetName=NetC92_1_1 Pin=C92_6-1
Removed Pin From Net: NetName=NetR127_1_1 Pin=R127_1-1
Removed Pin From Net: NetName=NetR127_1_1 Pin=R127_2-1
Removed Pin From Net: NetName=NetR127_1_2 Pin=R127_2-2
Removed Pin From Net: NetName=NetR127_1_2 Pin=R127_3-2
Removed Pin From Net: NetName=NetR127_1_1 Pin=R127_4-1
Removed Pin From Net: NetName=NetR127_1_2 Pin=R127_4-2
Removed Pin From Net: NetName=NetR127_1_1 Pin=R127_5-1
Removed Pin From Net: NetName=NetR127_1_2 Pin=R127_5-2
Removed Pin From Net: NetName=NetR127_1_1 Pin=R127_6-1
Removed Pin From Net: NetName=NetR127_1_2 Pin=R127_6-2
Removed Pin From Net: NetName=NetC92_1_1 Pin=R128_1-1
Removed Pin From Net: NetName=NetR127_1_1 Pin=R128_1-2
Removed Pin From Net: NetName=NetC92_1_1 Pin=R128_2-1
Removed Pin From Net: NetName=NetR127_1_1 Pin=R128_2-2
Removed Pin From Net: NetName=NetC92_1_1 Pin=R128_3-1
Removed Pin From Net: NetName=NetR127_1_1 Pin=R128_4-2
Removed Pin From Net: NetName=NetC92_1_1 Pin=R128_5-1
Removed Pin From Net: NetName=NetR127_1_1 Pin=R128_5-2
Removed Pin From Net: NetName=NetC92_1_1 Pin=R128_6-1
Removed Pin From Net: NetName=NetR127_1_1 Pin=R128_6-2
Removed Pin From Net: NetName=NetR127_1_2 Pin=R129_2-1
Removed Pin From Net: NetName=NetR127_1_2 Pin=R129_3-1
Removed Pin From Net: NetName=NetR127_1_2 Pin=R129_4-1
Removed Pin From Net: NetName=NetR127_1_2 Pin=R129_5-1
Removed Pin From Net: NetName=NetR127_1_2 Pin=R129_6-1
Removed Pin From Net: NetName=NetR127_1_1 Pin=R130_1-1
Removed Pin From Net: NetName=NetR127_1_1 Pin=R130_2-1
Removed Pin From Net: NetName=NetR127_1_1 Pin=R130_4-1
Removed Pin From Net: NetName=NetR127_1_1 Pin=R130_5-1
Removed Pin From Net: NetName=NetR127_1_1 Pin=R130_6-1
Removed Pin From Net: NetName=NetC92_1_1 Pin=R131_1-2
Removed Pin From Net: NetName=NetC92_1_1 Pin=R131_2-2
Removed Pin From Net: NetName=NetC92_1_1 Pin=R131_3-2
Removed Pin From Net: NetName=NetC92_1_1 Pin=R131_5-2
Removed Pin From Net: NetName=NetC92_1_1 Pin=R131_6-2
Removed Pin From Net: NetName=NetU13_1_8 Pin=U13_2-8
Removed Pin From Net: NetName=NetU13_1_8 Pin=U13_3-8
Removed Pin From Net: NetName=NetU13_1_8 Pin=U13_4-8
Removed Pin From Net: NetName=NetU13_1_8 Pin=U13_5-8
Removed Pin From Net: NetName=NetU13_1_8 Pin=U13_6-8
Added Pin To Net: NetName=IA1 Pin=R60_2-2
Added Pin To Net: NetName=IB1 Pin=R63_2-2
Added Pin To Net: NetName=IC1 Pin=R66_2-2
Added Pin To Net: NetName=IComp1 Pin=U15_2-4
Change Net Name : Old Net Name=NetC92_1_1 New Net Name=V3
Change Net Name : Old Net Name=NetR127_1_1 New Net Name=V_MOTOR2
Added Pin To Net: NetName=I0 Pin=U22_1-8
Added Net: Name=I0
Added Pin To Net: NetName=I1 Pin=U22_2-8
Added Net: Name=I1
Added Pin To Net: NetName=I2 Pin=U22_3-8
Added Net: Name=I2
Added Pin To Net: NetName=I3 Pin=U22_4-8
Added Net: Name=I3
Added Pin To Net: NetName=I4 Pin=U22_5-8
Added Net: Name=I4
Added Pin To Net: NetName=I5 Pin=U22_6-8
Added Net: Name=I5
Added Pin To Net: NetName=IA0 Pin=R60_1-2
Added Net: Name=IA0
Added Pin To Net: NetName=IB0 Pin=R63_1-2
Added Net: Name=IB0
Added Pin To Net: NetName=IC0 Pin=R66_1-2
Added Net: Name=IC0
Added Pin To Net: NetName=IComp0 Pin=U15_1-4
Added Net: Name=IComp0
Added Pin To Net: NetName=NetR127_2_2 Pin=R127_2-2
Added Pin To Net: NetName=NetR127_2_2 Pin=R129_2-1
Added Net: Name=NetR127_2_2
Added Pin To Net: NetName=NetR127_3_2 Pin=R127_3-2
Added Pin To Net: NetName=NetR127_3_2 Pin=R129_3-1
Added Net: Name=NetR127_3_2
Added Pin To Net: NetName=NetR127_4_2 Pin=R127_4-2
Added Pin To Net: NetName=NetR127_4_2 Pin=R129_4-1
Added Net: Name=NetR127_4_2
Added Pin To Net: NetName=NetR127_5_2 Pin=R127_5-2
Added Pin To Net: NetName=NetR127_5_2 Pin=R129_5-1
Added Net: Name=NetR127_5_2
Added Pin To Net: NetName=NetR127_6_2 Pin=R127_6-2
Added Pin To Net: NetName=NetR127_6_2 Pin=R129_6-1
Added Net: Name=NetR127_6_2
Added Pin To Net: NetName=NetU13_2_8 Pin=U13_2-8
Added Net: Name=NetU13_2_8
Added Pin To Net: NetName=NetU13_3_8 Pin=U13_3-8
Added Net: Name=NetU13_3_8
Added Pin To Net: NetName=NetU13_4_8 Pin=U13_4-8
Added Net: Name=NetU13_4_8
Added Pin To Net: NetName=NetU13_5_8 Pin=U13_5-8
Added Net: Name=NetU13_5_8
Added Pin To Net: NetName=NetU13_6_8 Pin=U13_6-8
Added Net: Name=NetU13_6_8
Added Pin To Net: NetName=PWM10 Pin=R58_1-2
Added Net: Name=PWM10
Added Pin To Net: NetName=PWM11 Pin=R58_2-2
Added Net: Name=PWM11
Added Pin To Net: NetName=PWM12 Pin=R58_3-2
Added Net: Name=PWM12
Added Pin To Net: NetName=PWM13 Pin=R58_4-2
Added Net: Name=PWM13
Added Pin To Net: NetName=PWM14 Pin=R58_5-2
Added Net: Name=PWM14
Added Pin To Net: NetName=PWM15 Pin=R58_6-2
Added Net: Name=PWM15
Added Pin To Net: NetName=PWM20 Pin=R59_1-2
Added Net: Name=PWM20
Added Pin To Net: NetName=PWM21 Pin=R59_2-2
Added Net: Name=PWM21
Added Pin To Net: NetName=PWM22 Pin=R59_3-2
Added Net: Name=PWM22
Added Pin To Net: NetName=PWM23 Pin=R59_4-2
Added Net: Name=PWM23
Added Pin To Net: NetName=PWM24 Pin=R59_5-2
Added Net: Name=PWM24
Added Pin To Net: NetName=PWM25 Pin=R59_6-2
Added Net: Name=PWM25
Added Pin To Net: NetName=V0 Pin=C92_1-1
Added Pin To Net: NetName=V0 Pin=R128_1-1
Added Pin To Net: NetName=V0 Pin=R131_1-2
Added Net: Name=V0
Added Pin To Net: NetName=V1 Pin=C92_2-1
Added Pin To Net: NetName=V1 Pin=R128_2-1
Added Pin To Net: NetName=V1 Pin=R131_2-2
Added Net: Name=V1
Added Pin To Net: NetName=V2 Pin=C92_3-1
Added Pin To Net: NetName=V2 Pin=R128_3-1
Added Pin To Net: NetName=V2 Pin=R131_3-2
Added Net: Name=V2
Added Pin To Net: NetName=V4 Pin=C92_5-1
Added Pin To Net: NetName=V4 Pin=R128_5-1
Added Pin To Net: NetName=V4 Pin=R131_5-2
Added Net: Name=V4
Added Pin To Net: NetName=V5 Pin=C92_6-1
Added Pin To Net: NetName=V5 Pin=R128_6-1
Added Pin To Net: NetName=V5 Pin=R131_6-2
Added Net: Name=V5
Added Pin To Net: NetName=V_MOTOR0 Pin=R127_1-1
Added Pin To Net: NetName=V_MOTOR0 Pin=R128_1-2
Added Pin To Net: NetName=V_MOTOR0 Pin=R130_1-1
Added Net: Name=V_MOTOR0
Added Pin To Net: NetName=V_MOTOR1 Pin=R127_2-1
Added Pin To Net: NetName=V_MOTOR1 Pin=R128_2-2
Added Pin To Net: NetName=V_MOTOR1 Pin=R130_2-1
Added Net: Name=V_MOTOR1
Added Pin To Net: NetName=V_MOTOR3 Pin=R127_4-1
Added Pin To Net: NetName=V_MOTOR3 Pin=R128_4-2
Added Pin To Net: NetName=V_MOTOR3 Pin=R130_4-1
Added Net: Name=V_MOTOR3
Added Pin To Net: NetName=V_MOTOR4 Pin=R127_5-1
Added Pin To Net: NetName=V_MOTOR4 Pin=R128_5-2
Added Pin To Net: NetName=V_MOTOR4 Pin=R130_5-1
Added Net: Name=V_MOTOR4
Added Pin To Net: NetName=V_MOTOR5 Pin=R127_6-1
Added Pin To Net: NetName=V_MOTOR5 Pin=R128_6-2
Added Pin To Net: NetName=V_MOTOR5 Pin=R130_6-1
Added Net: Name=V_MOTOR5
Added Member To Class: ClassName=3Phase Inverter1 Member=U_3Phase Inverter5 (3Phase Inverter1.SchDoc)
Added Member To Class: ClassName=3Phase Inverter2 Member=U_1233 (3Phase Inverter2.SchDoc)
Added Member To Class: ClassName=3Phase Inverter2 Member=U_1235 (3Phase Inverter2.SchDoc)
Change Room Name: Old Name=RoomDefinition New Name=U_3Phase Inverter0
Change Room Name: Old Name=RoomDefinition_1 New Name=U_3Phase Inverter1
Change Room Name: Old Name=RoomDefinition_2 New Name=U_3Phase Inverter2
Change Room Name: Old Name=RoomDefinition_3 New Name=U_3Phase Inverter3
Change Room Name: Old Name=RoomDefinition_4 New Name=U_3Phase Inverter4
Change Room Name: Old Name=RoomDefinition_5 New Name=U_3Phase Inverter5
Added Room: Name=1
Added Room: Name=3
Added Room: Name=Fdbk_11
Added Room: Name=Fdbk_12
Added Room: Name=Fdbk_13
Added Room: Name=Fdbk_21
Added Room: Name=Fdbk_22
Added Room: Name=Fdbk_23
Added Room: Name=Intermediate_LCL_Top_20230320
Added Room: Name=LCL_11
Added Room: Name=LCL_12
Added Room: Name=LCL_13
Added Room: Name=LCL_21
Added Room: Name=LCL_22
Added Room: Name=LCL_23
Added Room: Name=U_Phase Current Voltage Sense0
Added Room: Name=U_Phase Current Voltage Sense1
