Removed Pin From Net: NetName=PGND Pin=C55_1-1
Removed Pin From Net: NetName=VBUS Pin=C55_1-2
Removed Pin From Net: NetName=VBUS Pin=C56_1-1
Removed Pin From Net: NetName=PGND Pin=C56_1-2
Removed Pin From Net: NetName=PGND Pin=C57_1-1
Removed Pin From Net: NetName=VBUS Pin=C57_1-2
Removed Pin From Net: NetName=PGND Pin=C58_1-1
Removed Pin From Net: NetName=VBUS Pin=C58_1-2
Removed Pin From Net: NetName=GND Pin=C59_1-1
Removed Pin From Net: NetName=GND Pin=C61_1-2
Removed Pin From Net: NetName=GND Pin=C62_1-2
Removed Pin From Net: NetName=3V3 Pin=C63_1-1
Removed Pin From Net: NetName=GND Pin=C63_1-2
Removed Pin From Net: NetName=GND Pin=C64_1-2
Removed Pin From Net: NetName=3V3 Pin=C65_1-1
Removed Pin From Net: NetName=GND Pin=C65_1-2
Removed Pin From Net: NetName=3V3 Pin=C66_1-1
Removed Pin From Net: NetName=GND Pin=C66_1-2
Removed Pin From Net: NetName=GND Pin=C67_1-2
Removed Pin From Net: NetName=3V3 Pin=C68_1-1
Removed Pin From Net: NetName=GND Pin=C68_1-2
Removed Pin From Net: NetName=GND Pin=C69_1-2
Removed Pin From Net: NetName=NetC92_1_1 Pin=C92_1-1
Removed Pin From Net: NetName=GND Pin=C92_1-2
Removed Pin From Net: NetName=VREF1 Pin=C94_1-1
Removed Pin From Net: NetName=GND Pin=C94_1-2
Removed Pin From Net: NetName=GND Pin=C95_1-1
Removed Pin From Net: NetName=3V3 Pin=C95_1-2
Removed Pin From Net: NetName=5V Pin=R57_1-2
Removed Pin From Net: NetName=PWM_AH1 Pin=R58_1-2
Removed Pin From Net: NetName=PWM2 Pin=R59_1-2
Removed Pin From Net: NetName=NetR60_1_2 Pin=R60_1-2
Removed Pin From Net: NetName=NetR60_1_2 Pin=R60_2-2
Removed Pin From Net: NetName=NetR63_1_2 Pin=R63_1-2
Removed Pin From Net: NetName=NetR63_1_2 Pin=R63_2-2
Removed Pin From Net: NetName=NetR127_1_1 Pin=R127_1-1
Removed Pin From Net: NetName=NetR127_1_2 Pin=R127_1-2
Removed Pin From Net: NetName=NetC92_1_1 Pin=R128_1-1
Removed Pin From Net: NetName=NetR127_1_1 Pin=R128_1-2
Removed Pin From Net: NetName=NetR127_1_2 Pin=R129_1-1
Removed Pin From Net: NetName=NetR127_1_1 Pin=R130_1-1
Removed Pin From Net: NetName=GND Pin=R131_1-1
Removed Pin From Net: NetName=NetC92_1_1 Pin=R131_1-2
Removed Pin From Net: NetName=VREF1 Pin=R132_1-1
Removed Pin From Net: NetName=VBUS Pin=U13_1-1
Removed Pin From Net: NetName=GND Pin=U13_1-7
Removed Pin From Net: NetName=NetU13_1_8 Pin=U13_1-8
Removed Pin From Net: NetName=PGND Pin=U13_1-9
Removed Pin From Net: NetName=GND Pin=U14_1-2
Removed Pin From Net: NetName=CompRef Pin=U14_1-4
Removed Pin From Net: NetName=3V3 Pin=U14_1-5
Removed Pin From Net: NetName=GND Pin=U15_1-2
Removed Pin From Net: NetName=NetR125_2 Pin=U15_1-4
Removed Pin From Net: NetName=3V3 Pin=U15_1-5
Removed Pin From Net: NetName=NetR96_2 Pin=U15_2-4
Removed Pin From Net: NetName=GND Pin=U16_1-2
Removed Pin From Net: NetName=CompRef Pin=U16_1-4
Removed Pin From Net: NetName=3V3 Pin=U16_1-5
Removed Pin From Net: NetName=GND Pin=U17_1-2
Removed Pin From Net: NetName=CompRef Pin=U17_1-4
Removed Pin From Net: NetName=3V3 Pin=U17_1-5
Removed Pin From Net: NetName=GND Pin=U22_1-1
Removed Pin From Net: NetName=GND Pin=U22_1-4
Removed Pin From Net: NetName=3V3 Pin=U22_1-5
Removed Pin From Net: NetName=GND Pin=U22_1-6
Removed Pin From Net: NetName=NetU22_1_8 Pin=U22_1-8
Removed Member From Class: ClassName=U_3Phase Inverter4 Member=C55_3
Removed Member From Class: ClassName=U_3Phase Inverter4 Member=C56_3
Removed Member From Class: ClassName=U_3Phase Inverter4 Member=C57_3
Removed Member From Class: ClassName=U_3Phase Inverter5 Member=C58_4
Removed Member From Class: ClassName=U_3Phase Inverter6 Member=C58_4
Removed Member From Class: ClassName=U_3Phase Inverter5 Member=C59_4
Removed Member From Class: ClassName=U_3Phase Inverter6 Member=C59_4
Removed Member From Class: ClassName=U_3Phase Inverter4 Member=C60_3
Removed Member From Class: ClassName=U_3Phase Inverter4 Member=C61_3
Removed Member From Class: ClassName=U_3Phase Inverter4 Member=C62_3
Removed Member From Class: ClassName=U_1233 Member=C94_3
Removed Member From Class: ClassName=U_3Phase Inverter5 Member=R57_4
Removed Member From Class: ClassName=U_3Phase Inverter6 Member=R57_4
Removed Member From Class: ClassName=U_3Phase Inverter4 Member=R58_3
Removed Member From Class: ClassName=U_3Phase Inverter4 Member=R59_3
Removed Member From Class: ClassName=U_1233 Member=R129_3
Removed Member From Class: ClassName=U_3Phase Inverter4 Member=U13_3
Change Component Footprint: Designator=DS1 Old Footprint=VISH-TLMX1100_V New Footprint=VISH-TLMX1100_V
Change Component Footprint: Designator=DS2 Old Footprint=VISH-TLMX1100_V New Footprint=VISH-TLMX1100_V
Change Component Designator: OldDesignator=C55_2 NewDesignator=C84_1
Change Component Designator: OldDesignator=C55_3 NewDesignator=C84_2
Change Component Designator: OldDesignator=C55_4 NewDesignator=C84_3
Change Component Designator: OldDesignator=C55_5 NewDesignator=C84_4
Change Component Designator: OldDesignator=C55_6 NewDesignator=C84_5
Change Component Designator: OldDesignator=C56_2 NewDesignator=C85_1
Change Component Designator: OldDesignator=C56_3 NewDesignator=C85_2
Change Component Designator: OldDesignator=C56_4 NewDesignator=C85_3
Change Component Designator: OldDesignator=C56_5 NewDesignator=C85_4
Change Component Designator: OldDesignator=C56_6 NewDesignator=C85_5
Change Component Designator: OldDesignator=C57_2 NewDesignator=C86_1
Change Component Designator: OldDesignator=C57_3 NewDesignator=C86_2
Change Component Designator: OldDesignator=C57_4 NewDesignator=C86_3
Change Component Designator: OldDesignator=C57_5 NewDesignator=C86_4
Change Component Designator: OldDesignator=C57_6 NewDesignator=C86_5
Change Component Designator: OldDesignator=C58_2 NewDesignator=C87_1
Change Component Designator: OldDesignator=C58_3 NewDesignator=C87_2
Change Component Designator: OldDesignator=C58_4 NewDesignator=C87_3
Change Component Designator: OldDesignator=C58_5 NewDesignator=C87_4
Change Component Designator: OldDesignator=C58_6 NewDesignator=C87_5
Change Component Designator: OldDesignator=C59_2 NewDesignator=C88_1
Change Component Designator: OldDesignator=C59_3 NewDesignator=C88_2
Change Component Designator: OldDesignator=C59_4 NewDesignator=C88_3
Change Component Designator: OldDesignator=C59_5 NewDesignator=C88_4
Change Component Designator: OldDesignator=C59_6 NewDesignator=C88_5
Change Component Designator: OldDesignator=C60_2 NewDesignator=C89_1
Change Component Designator: OldDesignator=C60_3 NewDesignator=C89_2
Change Component Designator: OldDesignator=C60_4 NewDesignator=C89_3
Change Component Designator: OldDesignator=C60_5 NewDesignator=C89_4
Change Component Designator: OldDesignator=C60_6 NewDesignator=C89_5
Change Component Designator: OldDesignator=C61_2 NewDesignator=C90_1
Change Component Designator: OldDesignator=C61_3 NewDesignator=C90_2
Change Component Designator: OldDesignator=C61_4 NewDesignator=C90_3
Change Component Designator: OldDesignator=C61_5 NewDesignator=C90_4
Change Component Designator: OldDesignator=C61_6 NewDesignator=C90_5
Change Component Designator: OldDesignator=C62_2 NewDesignator=C91_1
Change Component Designator: OldDesignator=C62_3 NewDesignator=C91_2
Change Component Designator: OldDesignator=C62_4 NewDesignator=C91_3
Change Component Designator: OldDesignator=C62_5 NewDesignator=C91_4
Change Component Designator: OldDesignator=C62_6 NewDesignator=C91_5
Change Component Designator: OldDesignator=C63_2 NewDesignator=C55_1
Change Component Designator: OldDesignator=C64_2 NewDesignator=C56_1
Change Component Designator: OldDesignator=C65_2 NewDesignator=C57_1
Change Component Designator: OldDesignator=C66_2 NewDesignator=C58_1
Change Component Designator: OldDesignator=C67_2 NewDesignator=C59_1
Change Component Designator: OldDesignator=C68_2 NewDesignator=C60_1
Change Component Designator: OldDesignator=C69_2 NewDesignator=C61_1
Change Component Designator: OldDesignator=C70 NewDesignator=C62
Change Component Designator: OldDesignator=C71 NewDesignator=C63
Change Component Designator: OldDesignator=C72 NewDesignator=C64
Change Component Designator: OldDesignator=C73 NewDesignator=C65
Change Component Designator: OldDesignator=C74 NewDesignator=C66
Change Component Designator: OldDesignator=C75 NewDesignator=C67
Change Component Designator: OldDesignator=C76 NewDesignator=C68
Change Component Designator: OldDesignator=C77 NewDesignator=C69
Change Component Designator: OldDesignator=C78 NewDesignator=C70
Change Component Designator: OldDesignator=C79 NewDesignator=C71
Change Component Designator: OldDesignator=C80 NewDesignator=C72
Change Component Designator: OldDesignator=C81 NewDesignator=C73
Change Component Designator: OldDesignator=C82 NewDesignator=C74
Change Component Designator: OldDesignator=C83 NewDesignator=C75
Change Component Designator: OldDesignator=C84 NewDesignator=C76
Change Component Designator: OldDesignator=C85 NewDesignator=C77
Change Component Designator: OldDesignator=C86 NewDesignator=C78
Change Component Designator: OldDesignator=C87 NewDesignator=C79
Change Component Designator: OldDesignator=C88 NewDesignator=C80
Change Component Designator: OldDesignator=C89 NewDesignator=C81
Change Component Designator: OldDesignator=C90 NewDesignator=C82
Change Component Designator: OldDesignator=C91 NewDesignator=C83
Change Component Designator: OldDesignator=C92_2 NewDesignator=C92_1
Change Component Designator: OldDesignator=C92_3 NewDesignator=C92_2
Change Component Designator: OldDesignator=C92_4 NewDesignator=C92_3
Change Component Designator: OldDesignator=C92_5 NewDesignator=C92_4
Change Component Designator: OldDesignator=C92_6 NewDesignator=C92_5
Change Component Designator: OldDesignator=C93_2 NewDesignator=C93_1
Change Component Designator: OldDesignator=C93_3 NewDesignator=C93_2
Change Component Designator: OldDesignator=C93_4 NewDesignator=C93_3
Change Component Designator: OldDesignator=C93_5 NewDesignator=C93_4
Change Component Designator: OldDesignator=C93_6 NewDesignator=C93_5
Change Component Designator: OldDesignator=C94_2 NewDesignator=C94_1
Change Component Designator: OldDesignator=C94_3 NewDesignator=C94_2
Change Component Designator: OldDesignator=C94_4 NewDesignator=C94_3
Change Component Designator: OldDesignator=C94_5 NewDesignator=C94_4
Change Component Designator: OldDesignator=C94_6 NewDesignator=C94_5
Change Component Designator: OldDesignator=C95_2 NewDesignator=C95_1
Change Component Designator: OldDesignator=C95_3 NewDesignator=C95_2
Change Component Designator: OldDesignator=C95_4 NewDesignator=C95_3
Change Component Designator: OldDesignator=C95_5 NewDesignator=C95_4
Change Component Designator: OldDesignator=C95_6 NewDesignator=C95_5
Change Component Designator: OldDesignator=R57_2 NewDesignator=R124_1
Change Component Designator: OldDesignator=R57_3 NewDesignator=R124_2
Change Component Designator: OldDesignator=R57_4 NewDesignator=R124_3
Change Component Designator: OldDesignator=R57_5 NewDesignator=R124_4
Change Component Designator: OldDesignator=R57_6 NewDesignator=R124_5
Change Component Designator: OldDesignator=R58_2 NewDesignator=R125_1
Change Component Designator: OldDesignator=R58_3 NewDesignator=R125_2
Change Component Designator: OldDesignator=R58_4 NewDesignator=R125_3
Change Component Designator: OldDesignator=R58_5 NewDesignator=R125_4
Change Component Designator: OldDesignator=R58_6 NewDesignator=R125_5
Change Component Designator: OldDesignator=R59_2 NewDesignator=R126_1
Change Component Designator: OldDesignator=R59_3 NewDesignator=R126_2
Change Component Designator: OldDesignator=R59_4 NewDesignator=R126_3
Change Component Designator: OldDesignator=R59_5 NewDesignator=R126_4
Change Component Designator: OldDesignator=R59_6 NewDesignator=R126_5
Change Component Designator: OldDesignator=R60_2 NewDesignator=R57_1
Change Component Designator: OldDesignator=R61_2 NewDesignator=R58_1
Change Component Designator: OldDesignator=R62_2 NewDesignator=R59_1
Change Component Designator: OldDesignator=R63_2 NewDesignator=R60_1
Change Component Designator: OldDesignator=R64_2 NewDesignator=R61_1
Change Component Designator: OldDesignator=R65_2 NewDesignator=R62_1
Change Component Designator: OldDesignator=R66_2 NewDesignator=R63_1
Change Component Designator: OldDesignator=R67_2 NewDesignator=R64_1
Change Component Designator: OldDesignator=R68_2 NewDesignator=R65_1
Change Component Designator: OldDesignator=R69 NewDesignator=R66
Change Component Designator: OldDesignator=R70 NewDesignator=R67
Change Component Designator: OldDesignator=R71 NewDesignator=R68
Change Component Designator: OldDesignator=R72 NewDesignator=R69
Change Component Designator: OldDesignator=R73 NewDesignator=R70
Change Component Designator: OldDesignator=R74 NewDesignator=R71
Change Component Designator: OldDesignator=R75 NewDesignator=R72
Change Component Designator: OldDesignator=R76 NewDesignator=R73
Change Component Designator: OldDesignator=R77 NewDesignator=R74
Change Component Designator: OldDesignator=R78 NewDesignator=R75
Change Component Designator: OldDesignator=R79 NewDesignator=R76
Change Component Designator: OldDesignator=R80 NewDesignator=R77
Change Component Designator: OldDesignator=R81 NewDesignator=R78
Change Component Designator: OldDesignator=R82 NewDesignator=R79
Change Component Designator: OldDesignator=R83 NewDesignator=R80
Change Component Designator: OldDesignator=R84 NewDesignator=R81
Change Component Designator: OldDesignator=R85 NewDesignator=R82
Change Component Designator: OldDesignator=R86 NewDesignator=R83
Change Component Designator: OldDesignator=R87 NewDesignator=R84
Change Component Designator: OldDesignator=R88 NewDesignator=R85
Change Component Designator: OldDesignator=R89 NewDesignator=R86
Change Component Designator: OldDesignator=R90 NewDesignator=R87
Change Component Designator: OldDesignator=R91 NewDesignator=R88
Change Component Designator: OldDesignator=R92 NewDesignator=R89
Change Component Designator: OldDesignator=R93 NewDesignator=R90
Change Component Designator: OldDesignator=R94 NewDesignator=R91
Change Component Designator: OldDesignator=R95 NewDesignator=R92
Change Component Designator: OldDesignator=R96 NewDesignator=R93
Change Component Designator: OldDesignator=R97 NewDesignator=R94
Change Component Designator: OldDesignator=R98 NewDesignator=R95
Change Component Designator: OldDesignator=R99 NewDesignator=R96
Change Component Designator: OldDesignator=R100 NewDesignator=R97
Change Component Designator: OldDesignator=R101 NewDesignator=R98
Change Component Designator: OldDesignator=R102 NewDesignator=R99
Change Component Designator: OldDesignator=R103 NewDesignator=R100
Change Component Designator: OldDesignator=R104 NewDesignator=R101
Change Component Designator: OldDesignator=R105 NewDesignator=R102
Change Component Designator: OldDesignator=R106 NewDesignator=R103
Change Component Designator: OldDesignator=R107 NewDesignator=R104
Change Component Designator: OldDesignator=R108 NewDesignator=R105
Change Component Designator: OldDesignator=R109 NewDesignator=R106
Change Component Designator: OldDesignator=R110 NewDesignator=R107
Change Component Designator: OldDesignator=R111 NewDesignator=R108
Change Component Designator: OldDesignator=R112 NewDesignator=R109
Change Component Designator: OldDesignator=R113 NewDesignator=R110
Change Component Designator: OldDesignator=R114 NewDesignator=R111
Change Component Designator: OldDesignator=R115 NewDesignator=R112
Change Component Designator: OldDesignator=R116 NewDesignator=R113
Change Component Designator: OldDesignator=R117 NewDesignator=R114
Change Component Designator: OldDesignator=R118 NewDesignator=R115
Change Component Designator: OldDesignator=R119 NewDesignator=R116
Change Component Designator: OldDesignator=R120 NewDesignator=R117
Change Component Designator: OldDesignator=R121 NewDesignator=R118
Change Component Designator: OldDesignator=R122 NewDesignator=R119
Change Component Designator: OldDesignator=R123 NewDesignator=R120
Change Component Designator: OldDesignator=R124 NewDesignator=R121
Change Component Designator: OldDesignator=R125 NewDesignator=R122
Change Component Designator: OldDesignator=R126 NewDesignator=R123
Change Component Designator: OldDesignator=R127_2 NewDesignator=R127_1
Change Component Designator: OldDesignator=R127_3 NewDesignator=R127_2
Change Component Designator: OldDesignator=R127_4 NewDesignator=R127_3
Change Component Designator: OldDesignator=R127_5 NewDesignator=R127_4
Change Component Designator: OldDesignator=R127_6 NewDesignator=R127_5
Change Component Designator: OldDesignator=R128_2 NewDesignator=R128_1
Change Component Designator: OldDesignator=R128_3 NewDesignator=R128_2
Change Component Designator: OldDesignator=R128_4 NewDesignator=R128_3
Change Component Designator: OldDesignator=R128_5 NewDesignator=R128_4
Change Component Designator: OldDesignator=R128_6 NewDesignator=R128_5
Change Component Designator: OldDesignator=R129_2 NewDesignator=R129_1
Change Component Designator: OldDesignator=R129_3 NewDesignator=R129_2
Change Component Designator: OldDesignator=R129_4 NewDesignator=R129_3
Change Component Designator: OldDesignator=R129_5 NewDesignator=R129_4
Change Component Designator: OldDesignator=R129_6 NewDesignator=R129_5
Change Component Designator: OldDesignator=R130_2 NewDesignator=R130_1
Change Component Designator: OldDesignator=R130_3 NewDesignator=R130_2
Change Component Designator: OldDesignator=R130_4 NewDesignator=R130_3
Change Component Designator: OldDesignator=R130_5 NewDesignator=R130_4
Change Component Designator: OldDesignator=R130_6 NewDesignator=R130_5
Change Component Designator: OldDesignator=R131_2 NewDesignator=R131_1
Change Component Designator: OldDesignator=R131_3 NewDesignator=R131_2
Change Component Designator: OldDesignator=R131_4 NewDesignator=R131_3
Change Component Designator: OldDesignator=R131_5 NewDesignator=R131_4
Change Component Designator: OldDesignator=R131_6 NewDesignator=R131_5
Change Component Designator: OldDesignator=R132_2 NewDesignator=R132_1
Change Component Designator: OldDesignator=R132_3 NewDesignator=R132_2
Change Component Designator: OldDesignator=R132_4 NewDesignator=R132_3
Change Component Designator: OldDesignator=R132_5 NewDesignator=R132_4
Change Component Designator: OldDesignator=R132_6 NewDesignator=R132_5
Change Component Designator: OldDesignator=U13_2 NewDesignator=U21_1
Change Component Designator: OldDesignator=U13_3 NewDesignator=U21_2
Change Component Designator: OldDesignator=U13_4 NewDesignator=U21_3
Change Component Designator: OldDesignator=U13_5 NewDesignator=U21_4
Change Component Designator: OldDesignator=U13_6 NewDesignator=U21_5
Change Component Designator: OldDesignator=U14_2 NewDesignator=U13_1
Change Component Designator: OldDesignator=U15_2 NewDesignator=U14_1
Change Component Designator: OldDesignator=U16_2 NewDesignator=U15_1
Change Component Designator: OldDesignator=U17_2 NewDesignator=U16_1
Change Component Designator: OldDesignator=U18 NewDesignator=U17
Change Component Designator: OldDesignator=U19 NewDesignator=U18
Change Component Designator: OldDesignator=U20 NewDesignator=U19
Change Component Designator: OldDesignator=U21 NewDesignator=U20
Change Component Designator: OldDesignator=U22_2 NewDesignator=U22_1
Change Component Designator: OldDesignator=U22_3 NewDesignator=U22_2
Change Component Designator: OldDesignator=U22_4 NewDesignator=U22_3
Change Component Designator: OldDesignator=U22_5 NewDesignator=U22_4
Change Component Designator: OldDesignator=U22_6 NewDesignator=U22_5
Added Component: Designator=C55_2(CAPC1608X06N)
Add component (AddParameter): Name = "LatestRevisionDate"; Value = "17-Jul-2002"; VariantName = "[No Variations]"
Add component (AddParameter): Name = "LatestRevisionNote"; Value = "Re-released for DXP Platform."; VariantName = "[No Variations]"
Add component (AddParameter): Name = "PackageDescription"; Value = "Radial Cap, Thru-Hole; 2 Leads; 0.3 in Pin Spacing"; VariantName = "[No Variations]"
Add component (AddParameter): Name = "PackageReference"; Value = "RAD-0.3"; VariantName = "[No Variations]"
Add component (AddParameter): Name = "Published"; Value = "8-Jun-2000"; VariantName = "[No Variations]"
Add component (AddParameter): Name = "Publisher"; Value = "Altium Limited"; VariantName = "[No Variations]"
Add component (AddParameter): Name = "Value"; Value = "0.1uF"; VariantName = "[No Variations]"
Added Component: Designator=C56_2(CAPC1608X06N)
Add component (AddParameter): Name = "LatestRevisionDate"; Value = "17-Jul-2002"; VariantName = "[No Variations]"
Add component (AddParameter): Name = "LatestRevisionNote"; Value = "Re-released for DXP Platform."; VariantName = "[No Variations]"
Add component (AddParameter): Name = "PackageDescription"; Value = "Radial Cap, Thru-Hole; 2 Leads; 0.3 in Pin Spacing"; VariantName = "[No Variations]"
Add component (AddParameter): Name = "PackageReference"; Value = "RAD-0.3"; VariantName = "[No Variations]"
Add component (AddParameter): Name = "Published"; Value = "8-Jun-2000"; VariantName = "[No Variations]"
Add component (AddParameter): Name = "Publisher"; Value = "Altium Limited"; VariantName = "[No Variations]"
Add component (AddParameter): Name = "Value"; Value = "2200pF"; VariantName = "[No Variations]"
Added Component: Designator=C57_2(CAPC1608X06N)
Add component (AddParameter): Name = "LatestRevisionDate"; Value = "17-Jul-2002"; VariantName = "[No Variations]"
Add component (AddParameter): Name = "LatestRevisionNote"; Value = "Re-released for DXP Platform."; VariantName = "[No Variations]"
Add component (AddParameter): Name = "PackageDescription"; Value = "Radial Cap, Thru-Hole; 2 Leads; 0.3 in Pin Spacing"; VariantName = "[No Variations]"
Add component (AddParameter): Name = "PackageReference"; Value = "RAD-0.3"; VariantName = "[No Variations]"
Add component (AddParameter): Name = "Published"; Value = "8-Jun-2000"; VariantName = "[No Variations]"
Add component (AddParameter): Name = "Publisher"; Value = "Altium Limited"; VariantName = "[No Variations]"
Add component (AddParameter): Name = "Value"; Value = "0.1uF"; VariantName = "[No Variations]"
Added Component: Designator=C58_2(CAPC1608X06N)
Add component (AddParameter): Name = "LatestRevisionDate"; Value = "17-Jul-2002"; VariantName = "[No Variations]"
Add component (AddParameter): Name = "LatestRevisionNote"; Value = "Re-released for DXP Platform."; VariantName = "[No Variations]"
Add component (AddParameter): Name = "PackageDescription"; Value = "Radial Cap, Thru-Hole; 2 Leads; 0.3 in Pin Spacing"; VariantName = "[No Variations]"
Add component (AddParameter): Name = "PackageReference"; Value = "RAD-0.3"; VariantName = "[No Variations]"
Add component (AddParameter): Name = "Published"; Value = "8-Jun-2000"; VariantName = "[No Variations]"
Add component (AddParameter): Name = "Publisher"; Value = "Altium Limited"; VariantName = "[No Variations]"
Add component (AddParameter): Name = "Value"; Value = "0.1uF"; VariantName = "[No Variations]"
Added Component: Designator=C59_2(CAPC1608X06N)
Add component (AddParameter): Name = "LatestRevisionDate"; Value = "17-Jul-2002"; VariantName = "[No Variations]"
Add component (AddParameter): Name = "LatestRevisionNote"; Value = "Re-released for DXP Platform."; VariantName = "[No Variations]"
Add component (AddParameter): Name = "PackageDescription"; Value = "Radial Cap, Thru-Hole; 2 Leads; 0.3 in Pin Spacing"; VariantName = "[No Variations]"
Add component (AddParameter): Name = "PackageReference"; Value = "RAD-0.3"; VariantName = "[No Variations]"
Add component (AddParameter): Name = "Published"; Value = "8-Jun-2000"; VariantName = "[No Variations]"
Add component (AddParameter): Name = "Publisher"; Value = "Altium Limited"; VariantName = "[No Variations]"
Add component (AddParameter): Name = "Value"; Value = "2200pF"; VariantName = "[No Variations]"
Added Component: Designator=C60_2(CAPC1608X06N)
Add component (AddParameter): Name = "LatestRevisionDate"; Value = "17-Jul-2002"; VariantName = "[No Variations]"
Add component (AddParameter): Name = "LatestRevisionNote"; Value = "Re-released for DXP Platform."; VariantName = "[No Variations]"
Add component (AddParameter): Name = "PackageDescription"; Value = "Radial Cap, Thru-Hole; 2 Leads; 0.3 in Pin Spacing"; VariantName = "[No Variations]"
Add component (AddParameter): Name = "PackageReference"; Value = "RAD-0.3"; VariantName = "[No Variations]"
Add component (AddParameter): Name = "Published"; Value = "8-Jun-2000"; VariantName = "[No Variations]"
Add component (AddParameter): Name = "Publisher"; Value = "Altium Limited"; VariantName = "[No Variations]"
Add component (AddParameter): Name = "Value"; Value = "0.1uF"; VariantName = "[No Variations]"
Added Component: Designator=C61_2(CAPC1608X06N)
Add component (AddParameter): Name = "LatestRevisionDate"; Value = "17-Jul-2002"; VariantName = "[No Variations]"
Add component (AddParameter): Name = "LatestRevisionNote"; Value = "Re-released for DXP Platform."; VariantName = "[No Variations]"
Add component (AddParameter): Name = "PackageDescription"; Value = "Radial Cap, Thru-Hole; 2 Leads; 0.3 in Pin Spacing"; VariantName = "[No Variations]"
Add component (AddParameter): Name = "PackageReference"; Value = "RAD-0.3"; VariantName = "[No Variations]"
Add component (AddParameter): Name = "Published"; Value = "8-Jun-2000"; VariantName = "[No Variations]"
Add component (AddParameter): Name = "Publisher"; Value = "Altium Limited"; VariantName = "[No Variations]"
Add component (AddParameter): Name = "Value"; Value = "2200pF"; VariantName = "[No Variations]"
Added Component: Designator=C84_6(CAPC1608X06N)
Add component (AddParameter): Name = "LatestRevisionDate"; Value = "17-Jul-2002"; VariantName = "[No Variations]"
Add component (AddParameter): Name = "LatestRevisionNote"; Value = "Re-released for DXP Platform."; VariantName = "[No Variations]"
Add component (AddParameter): Name = "PackageDescription"; Value = "Radial Cap, Thru-Hole; 2 Leads; 0.3 in Pin Spacing"; VariantName = "[No Variations]"
Add component (AddParameter): Name = "PackageReference"; Value = "RAD-0.3"; VariantName = "[No Variations]"
Add component (AddParameter): Name = "Published"; Value = "8-Jun-2000"; VariantName = "[No Variations]"
Add component (AddParameter): Name = "Publisher"; Value = "Altium Limited"; VariantName = "[No Variations]"
Add component (AddParameter): Name = "Value"; Value = "3.3uF"; VariantName = "[No Variations]"
Added Component: Designator=C85_6(CAPC1608X06N)
Add component (AddParameter): Name = "LatestRevisionDate"; Value = "17-Jul-2002"; VariantName = "[No Variations]"
Add component (AddParameter): Name = "LatestRevisionNote"; Value = "Re-released for DXP Platform."; VariantName = "[No Variations]"
Add component (AddParameter): Name = "PackageDescription"; Value = "Radial Cap, Thru-Hole; 2 Leads; 0.3 in Pin Spacing"; VariantName = "[No Variations]"
Add component (AddParameter): Name = "PackageReference"; Value = "RAD-0.3"; VariantName = "[No Variations]"
Add component (AddParameter): Name = "Published"; Value = "8-Jun-2000"; VariantName = "[No Variations]"
Add component (AddParameter): Name = "Publisher"; Value = "Altium Limited"; VariantName = "[No Variations]"
Add component (AddParameter): Name = "Value"; Value = "100nF"; VariantName = "[No Variations]"
Added Component: Designator=C86_6(CAPC1608X06N)
Add component (AddParameter): Name = "LatestRevisionDate"; Value = "17-Jul-2002"; VariantName = "[No Variations]"
Add component (AddParameter): Name = "LatestRevisionNote"; Value = "Re-released for DXP Platform."; VariantName = "[No Variations]"
Add component (AddParameter): Name = "PackageDescription"; Value = "Radial Cap, Thru-Hole; 2 Leads; 0.3 in Pin Spacing"; VariantName = "[No Variations]"
Add component (AddParameter): Name = "PackageReference"; Value = "RAD-0.3"; VariantName = "[No Variations]"
Add component (AddParameter): Name = "Published"; Value = "8-Jun-2000"; VariantName = "[No Variations]"
Add component (AddParameter): Name = "Publisher"; Value = "Altium Limited"; VariantName = "[No Variations]"
Add component (AddParameter): Name = "Value"; Value = "3.3uF"; VariantName = "[No Variations]"
Added Component: Designator=C87_6(CAPC1608X06N)
Add component (AddParameter): Name = "LatestRevisionDate"; Value = "17-Jul-2002"; VariantName = "[No Variations]"
Add component (AddParameter): Name = "LatestRevisionNote"; Value = "Re-released for DXP Platform."; VariantName = "[No Variations]"
Add component (AddParameter): Name = "PackageDescription"; Value = "Radial Cap, Thru-Hole; 2 Leads; 0.3 in Pin Spacing"; VariantName = "[No Variations]"
Add component (AddParameter): Name = "PackageReference"; Value = "RAD-0.3"; VariantName = "[No Variations]"
Add component (AddParameter): Name = "Published"; Value = "8-Jun-2000"; VariantName = "[No Variations]"
Add component (AddParameter): Name = "Publisher"; Value = "Altium Limited"; VariantName = "[No Variations]"
Add component (AddParameter): Name = "Value"; Value = "3.3uF"; VariantName = "[No Variations]"
Added Component: Designator=C88_6(CAPC1608X06N)
Add component (AddParameter): Name = "LatestRevisionDate"; Value = "17-Jul-2002"; VariantName = "[No Variations]"
Add component (AddParameter): Name = "LatestRevisionNote"; Value = "Re-released for DXP Platform."; VariantName = "[No Variations]"
Add component (AddParameter): Name = "PackageDescription"; Value = "Radial Cap, Thru-Hole; 2 Leads; 0.3 in Pin Spacing"; VariantName = "[No Variations]"
Add component (AddParameter): Name = "PackageReference"; Value = "RAD-0.3"; VariantName = "[No Variations]"
Add component (AddParameter): Name = "Published"; Value = "8-Jun-2000"; VariantName = "[No Variations]"
Add component (AddParameter): Name = "Publisher"; Value = "Altium Limited"; VariantName = "[No Variations]"
Add component (AddParameter): Name = "Value"; Value = "2.2uF"; VariantName = "[No Variations]"
Added Component: Designator=C89_6(CAPC1608X06N)
Add component (AddParameter): Name = "LatestRevisionDate"; Value = "17-Jul-2002"; VariantName = "[No Variations]"
Add component (AddParameter): Name = "LatestRevisionNote"; Value = "Re-released for DXP Platform."; VariantName = "[No Variations]"
Add component (AddParameter): Name = "PackageDescription"; Value = "Radial Cap, Thru-Hole; 2 Leads; 0.3 in Pin Spacing"; VariantName = "[No Variations]"
Add component (AddParameter): Name = "PackageReference"; Value = "RAD-0.3"; VariantName = "[No Variations]"
Add component (AddParameter): Name = "Published"; Value = "8-Jun-2000"; VariantName = "[No Variations]"
Add component (AddParameter): Name = "Publisher"; Value = "Altium Limited"; VariantName = "[No Variations]"
Add component (AddParameter): Name = "Value"; Value = "100nF"; VariantName = "[No Variations]"
Added Component: Designator=C90_6(CAPC1608X06N)
Add component (AddParameter): Name = "LatestRevisionDate"; Value = "17-Jul-2002"; VariantName = "[No Variations]"
Add component (AddParameter): Name = "LatestRevisionNote"; Value = "Re-released for DXP Platform."; VariantName = "[No Variations]"
Add component (AddParameter): Name = "PackageDescription"; Value = "Radial Cap, Thru-Hole; 2 Leads; 0.3 in Pin Spacing"; VariantName = "[No Variations]"
Add component (AddParameter): Name = "PackageReference"; Value = "RAD-0.3"; VariantName = "[No Variations]"
Add component (AddParameter): Name = "Published"; Value = "8-Jun-2000"; VariantName = "[No Variations]"
Add component (AddParameter): Name = "Publisher"; Value = "Altium Limited"; VariantName = "[No Variations]"
Add component (AddParameter): Name = "Value"; Value = "47pF"; VariantName = "[No Variations]"
Added Component: Designator=C91_6(CAPC1608X06N)
Add component (AddParameter): Name = "LatestRevisionDate"; Value = "17-Jul-2002"; VariantName = "[No Variations]"
Add component (AddParameter): Name = "LatestRevisionNote"; Value = "Re-released for DXP Platform."; VariantName = "[No Variations]"
Add component (AddParameter): Name = "PackageDescription"; Value = "Radial Cap, Thru-Hole; 2 Leads; 0.3 in Pin Spacing"; VariantName = "[No Variations]"
Add component (AddParameter): Name = "PackageReference"; Value = "RAD-0.3"; VariantName = "[No Variations]"
Add component (AddParameter): Name = "Published"; Value = "8-Jun-2000"; VariantName = "[No Variations]"
Add component (AddParameter): Name = "Publisher"; Value = "Altium Limited"; VariantName = "[No Variations]"
Add component (AddParameter): Name = "Value"; Value = "47pF"; VariantName = "[No Variations]"
Added Component: Designator=C92_6(CAPC1608X06N)
Add component (AddParameter): Name = "LatestRevisionDate"; Value = "17-Jul-2002"; VariantName = "[No Variations]"
Add component (AddParameter): Name = "LatestRevisionNote"; Value = "Re-released for DXP Platform."; VariantName = "[No Variations]"
Add component (AddParameter): Name = "PackageDescription"; Value = "Radial Cap, Thru-Hole; 2 Leads; 0.3 in Pin Spacing"; VariantName = "[No Variations]"
Add component (AddParameter): Name = "PackageReference"; Value = "RAD-0.3"; VariantName = "[No Variations]"
Add component (AddParameter): Name = "Published"; Value = "8-Jun-2000"; VariantName = "[No Variations]"
Add component (AddParameter): Name = "Publisher"; Value = "Altium Limited"; VariantName = "[No Variations]"
Add component (AddParameter): Name = "Value"; Value = "0.033uF"; VariantName = "[No Variations]"
Added Component: Designator=C93_6(CAPC1608X06N)
Add component (AddParameter): Name = "LatestRevisionDate"; Value = "17-Jul-2002"; VariantName = "[No Variations]"
Add component (AddParameter): Name = "LatestRevisionNote"; Value = "Re-released for DXP Platform."; VariantName = "[No Variations]"
Add component (AddParameter): Name = "PackageDescription"; Value = "Radial Cap, Thru-Hole; 2 Leads; 0.3 in Pin Spacing"; VariantName = "[No Variations]"
Add component (AddParameter): Name = "PackageReference"; Value = "RAD-0.3"; VariantName = "[No Variations]"
Add component (AddParameter): Name = "Published"; Value = "8-Jun-2000"; VariantName = "[No Variations]"
Add component (AddParameter): Name = "Publisher"; Value = "Altium Limited"; VariantName = "[No Variations]"
Add component (AddParameter): Name = "Value"; Value = "1500pF"; VariantName = "[No Variations]"
Added Component: Designator=C94_6(CAPC1608X06N)
Add component (AddParameter): Name = "LatestRevisionDate"; Value = "17-Jul-2002"; VariantName = "[No Variations]"
Add component (AddParameter): Name = "LatestRevisionNote"; Value = "Re-released for DXP Platform."; VariantName = "[No Variations]"
Add component (AddParameter): Name = "PackageDescription"; Value = "Radial Cap, Thru-Hole; 2 Leads; 0.3 in Pin Spacing"; VariantName = "[No Variations]"
Add component (AddParameter): Name = "PackageReference"; Value = "RAD-0.3"; VariantName = "[No Variations]"
Add component (AddParameter): Name = "Published"; Value = "8-Jun-2000"; VariantName = "[No Variations]"
Add component (AddParameter): Name = "Publisher"; Value = "Altium Limited"; VariantName = "[No Variations]"
Add component (AddParameter): Name = "Value"; Value = "0.1uF"; VariantName = "[No Variations]"
Added Component: Designator=C95_6(CAPC1608X06N)
Add component (AddParameter): Name = "LatestRevisionDate"; Value = "17-Jul-2002"; VariantName = "[No Variations]"
Add component (AddParameter): Name = "LatestRevisionNote"; Value = "Re-released for DXP Platform."; VariantName = "[No Variations]"
Add component (AddParameter): Name = "PackageDescription"; Value = "Radial Cap, Thru-Hole; 2 Leads; 0.3 in Pin Spacing"; VariantName = "[No Variations]"
Add component (AddParameter): Name = "PackageReference"; Value = "RAD-0.3"; VariantName = "[No Variations]"
Add component (AddParameter): Name = "Published"; Value = "8-Jun-2000"; VariantName = "[No Variations]"
Add component (AddParameter): Name = "Publisher"; Value = "Altium Limited"; VariantName = "[No Variations]"
Add component (AddParameter): Name = "Value"; Value = "0.1uF"; VariantName = "[No Variations]"
Added Component: Designator=R57_2(RESC1608X05N)
Add component (AddParameter): Name = "ComponentLink1Description"; Value = "供应商链接"; VariantName = "[No Variations]"
Add component (AddParameter): Name = "ComponentLink1URL"; Value = "http://www.szlcsc.com/product/details_26546.html"; VariantName = "[No Variations]"
Add component (AddParameter): Name = "Notepad"; Value = ""; VariantName = "[No Variations]"
Add component (AddParameter): Name = "Package"; Value = "0603"; VariantName = "[No Variations]"
Add component (AddParameter): Name = "Supplier"; Value = "LC"; VariantName = "[No Variations]"
Add component (AddParameter): Name = "SuppliersPartNumber"; Value = "C25803"; VariantName = "[No Variations]"
Add component (AddParameter): Name = "Value"; Value = "1MΩ(1%)"; VariantName = "[No Variations]"
Added Component: Designator=R58_2(RESC1608X05N)
Add component (AddParameter): Name = "ComponentLink1Description"; Value = "供应商链接"; VariantName = "[No Variations]"
Add component (AddParameter): Name = "ComponentLink1URL"; Value = "http://www.szlcsc.com/product/details_26546.html"; VariantName = "[No Variations]"
Add component (AddParameter): Name = "Notepad"; Value = ""; VariantName = "[No Variations]"
Add component (AddParameter): Name = "Package"; Value = "0603"; VariantName = "[No Variations]"
Add component (AddParameter): Name = "Supplier"; Value = "LC"; VariantName = "[No Variations]"
Add component (AddParameter): Name = "SuppliersPartNumber"; Value = "C25803"; VariantName = "[No Variations]"
Add component (AddParameter): Name = "Value"; Value = "1MΩ(1%)"; VariantName = "[No Variations]"
Added Component: Designator=R59_2(RESC1608X05N)
Add component (AddParameter): Name = "ComponentLink1Description"; Value = "供应商链接"; VariantName = "[No Variations]"
Add component (AddParameter): Name = "ComponentLink1URL"; Value = "http://www.szlcsc.com/product/details_26546.html"; VariantName = "[No Variations]"
Add component (AddParameter): Name = "Notepad"; Value = ""; VariantName = "[No Variations]"
Add component (AddParameter): Name = "Package"; Value = "0603"; VariantName = "[No Variations]"
Add component (AddParameter): Name = "Supplier"; Value = "LC"; VariantName = "[No Variations]"
Add component (AddParameter): Name = "SuppliersPartNumber"; Value = "C25803"; VariantName = "[No Variations]"
Add component (AddParameter): Name = "Value"; Value = "1MΩ(1%)"; VariantName = "[No Variations]"
Added Component: Designator=R60_2(RESC1608X05N)
Add component (AddParameter): Name = "ComponentLink1Description"; Value = "供应商链接"; VariantName = "[No Variations]"
Add component (AddParameter): Name = "ComponentLink1URL"; Value = "http://www.szlcsc.com/product/details_26546.html"; VariantName = "[No Variations]"
Add component (AddParameter): Name = "Notepad"; Value = ""; VariantName = "[No Variations]"
Add component (AddParameter): Name = "Package"; Value = "0603"; VariantName = "[No Variations]"
Add component (AddParameter): Name = "Supplier"; Value = "LC"; VariantName = "[No Variations]"
Add component (AddParameter): Name = "SuppliersPartNumber"; Value = "C25803"; VariantName = "[No Variations]"
Add component (AddParameter): Name = "Value"; Value = "1MΩ(1%)"; VariantName = "[No Variations]"
Added Component: Designator=R61_2(RESC1608X05N)
Add component (AddParameter): Name = "ComponentLink1Description"; Value = "供应商链接"; VariantName = "[No Variations]"
Add component (AddParameter): Name = "ComponentLink1URL"; Value = "http://www.szlcsc.com/product/details_26546.html"; VariantName = "[No Variations]"
Add component (AddParameter): Name = "Notepad"; Value = ""; VariantName = "[No Variations]"
Add component (AddParameter): Name = "Package"; Value = "0603"; VariantName = "[No Variations]"
Add component (AddParameter): Name = "Supplier"; Value = "LC"; VariantName = "[No Variations]"
Add component (AddParameter): Name = "SuppliersPartNumber"; Value = "C25803"; VariantName = "[No Variations]"
Add component (AddParameter): Name = "Value"; Value = "1MΩ(1%)"; VariantName = "[No Variations]"
Added Component: Designator=R62_2(RESC1608X05N)
Add component (AddParameter): Name = "ComponentLink1Description"; Value = "供应商链接"; VariantName = "[No Variations]"
Add component (AddParameter): Name = "ComponentLink1URL"; Value = "http://www.szlcsc.com/product/details_26546.html"; VariantName = "[No Variations]"
Add component (AddParameter): Name = "Notepad"; Value = ""; VariantName = "[No Variations]"
Add component (AddParameter): Name = "Package"; Value = "0603"; VariantName = "[No Variations]"
Add component (AddParameter): Name = "Supplier"; Value = "LC"; VariantName = "[No Variations]"
Add component (AddParameter): Name = "SuppliersPartNumber"; Value = "C25803"; VariantName = "[No Variations]"
Add component (AddParameter): Name = "Value"; Value = "1MΩ(1%)"; VariantName = "[No Variations]"
Added Component: Designator=R63_2(RESC1608X05N)
Add component (AddParameter): Name = "ComponentLink1Description"; Value = "供应商链接"; VariantName = "[No Variations]"
Add component (AddParameter): Name = "ComponentLink1URL"; Value = "http://www.szlcsc.com/product/details_26546.html"; VariantName = "[No Variations]"
Add component (AddParameter): Name = "Notepad"; Value = ""; VariantName = "[No Variations]"
Add component (AddParameter): Name = "Package"; Value = "0603"; VariantName = "[No Variations]"
Add component (AddParameter): Name = "Supplier"; Value = "LC"; VariantName = "[No Variations]"
Add component (AddParameter): Name = "SuppliersPartNumber"; Value = "C25803"; VariantName = "[No Variations]"
Add component (AddParameter): Name = "Value"; Value = "1MΩ(1%)"; VariantName = "[No Variations]"
Added Component: Designator=R64_2(RESC1608X05N)
Add component (AddParameter): Name = "ComponentLink1Description"; Value = "供应商链接"; VariantName = "[No Variations]"
Add component (AddParameter): Name = "ComponentLink1URL"; Value = "http://www.szlcsc.com/product/details_26546.html"; VariantName = "[No Variations]"
Add component (AddParameter): Name = "Notepad"; Value = ""; VariantName = "[No Variations]"
Add component (AddParameter): Name = "Package"; Value = "0603"; VariantName = "[No Variations]"
Add component (AddParameter): Name = "Supplier"; Value = "LC"; VariantName = "[No Variations]"
Add component (AddParameter): Name = "SuppliersPartNumber"; Value = "C25803"; VariantName = "[No Variations]"
Add component (AddParameter): Name = "Value"; Value = "1MΩ(1%)"; VariantName = "[No Variations]"
Added Component: Designator=R65_2(RESC1608X05N)
Add component (AddParameter): Name = "ComponentLink1Description"; Value = "供应商链接"; VariantName = "[No Variations]"
Add component (AddParameter): Name = "ComponentLink1URL"; Value = "http://www.szlcsc.com/product/details_26546.html"; VariantName = "[No Variations]"
Add component (AddParameter): Name = "Notepad"; Value = ""; VariantName = "[No Variations]"
Add component (AddParameter): Name = "Package"; Value = "0603"; VariantName = "[No Variations]"
Add component (AddParameter): Name = "Supplier"; Value = "LC"; VariantName = "[No Variations]"
Add component (AddParameter): Name = "SuppliersPartNumber"; Value = "C25803"; VariantName = "[No Variations]"
Add component (AddParameter): Name = "Value"; Value = "1MΩ(1%)"; VariantName = "[No Variations]"
Added Component: Designator=R124_6(RESC1608X05N)
Add component (AddParameter): Name = "ComponentLink1Description"; Value = "供应商链接"; VariantName = "[No Variations]"
Add component (AddParameter): Name = "ComponentLink1URL"; Value = "http://www.szlcsc.com/product/details_26546.html"; VariantName = "[No Variations]"
Add component (AddParameter): Name = "Notepad"; Value = ""; VariantName = "[No Variations]"
Add component (AddParameter): Name = "Package"; Value = "0603"; VariantName = "[No Variations]"
Add component (AddParameter): Name = "Supplier"; Value = "LC"; VariantName = "[No Variations]"
Add component (AddParameter): Name = "SuppliersPartNumber"; Value = "C25803"; VariantName = "[No Variations]"
Add component (AddParameter): Name = "Value"; Value = "1MΩ(1%)"; VariantName = "[No Variations]"
Added Component: Designator=R125_6(RESC1608X05N)
Add component (AddParameter): Name = "ComponentLink1Description"; Value = "供应商链接"; VariantName = "[No Variations]"
Add component (AddParameter): Name = "ComponentLink1URL"; Value = "http://www.szlcsc.com/product/details_26546.html"; VariantName = "[No Variations]"
Add component (AddParameter): Name = "Notepad"; Value = ""; VariantName = "[No Variations]"
Add component (AddParameter): Name = "Package"; Value = "0603"; VariantName = "[No Variations]"
Add component (AddParameter): Name = "Supplier"; Value = "LC"; VariantName = "[No Variations]"
Add component (AddParameter): Name = "SuppliersPartNumber"; Value = "C25803"; VariantName = "[No Variations]"
Add component (AddParameter): Name = "Value"; Value = "1MΩ(1%)"; VariantName = "[No Variations]"
Added Component: Designator=R126_6(RESC1608X05N)
Add component (AddParameter): Name = "ComponentLink1Description"; Value = "供应商链接"; VariantName = "[No Variations]"
Add component (AddParameter): Name = "ComponentLink1URL"; Value = "http://www.szlcsc.com/product/details_26546.html"; VariantName = "[No Variations]"
Add component (AddParameter): Name = "Notepad"; Value = ""; VariantName = "[No Variations]"
Add component (AddParameter): Name = "Package"; Value = "0603"; VariantName = "[No Variations]"
Add component (AddParameter): Name = "Supplier"; Value = "LC"; VariantName = "[No Variations]"
Add component (AddParameter): Name = "SuppliersPartNumber"; Value = "C25803"; VariantName = "[No Variations]"
Add component (AddParameter): Name = "Value"; Value = "1MΩ(1%)"; VariantName = "[No Variations]"
Added Component: Designator=R127_6(RESC1608X05N)
Add component (AddParameter): Name = "ComponentLink1Description"; Value = "供应商链接"; VariantName = "[No Variations]"
Add component (AddParameter): Name = "ComponentLink1URL"; Value = "http://www.szlcsc.com/product/details_26546.html"; VariantName = "[No Variations]"
Add component (AddParameter): Name = "Notepad"; Value = ""; VariantName = "[No Variations]"
Add component (AddParameter): Name = "Package"; Value = "0603"; VariantName = "[No Variations]"
Add component (AddParameter): Name = "Supplier"; Value = "LC"; VariantName = "[No Variations]"
Add component (AddParameter): Name = "SuppliersPartNumber"; Value = "C25803"; VariantName = "[No Variations]"
Add component (AddParameter): Name = "Value"; Value = "1MΩ(1%)"; VariantName = "[No Variations]"
Added Component: Designator=R128_6(RESC1608X05N)
Add component (AddParameter): Name = "ComponentLink1Description"; Value = "供应商链接"; VariantName = "[No Variations]"
Add component (AddParameter): Name = "ComponentLink1URL"; Value = "http://www.szlcsc.com/product/details_26546.html"; VariantName = "[No Variations]"
Add component (AddParameter): Name = "Notepad"; Value = ""; VariantName = "[No Variations]"
Add component (AddParameter): Name = "Package"; Value = "0603"; VariantName = "[No Variations]"
Add component (AddParameter): Name = "Supplier"; Value = "LC"; VariantName = "[No Variations]"
Add component (AddParameter): Name = "SuppliersPartNumber"; Value = "C25803"; VariantName = "[No Variations]"
Add component (AddParameter): Name = "Value"; Value = "1MΩ(1%)"; VariantName = "[No Variations]"
Added Component: Designator=R129_6(RESC1608X05N)
Add component (AddParameter): Name = "ComponentLink1Description"; Value = "供应商链接"; VariantName = "[No Variations]"
Add component (AddParameter): Name = "ComponentLink1URL"; Value = "http://www.szlcsc.com/product/details_26546.html"; VariantName = "[No Variations]"
Add component (AddParameter): Name = "Notepad"; Value = ""; VariantName = "[No Variations]"
Add component (AddParameter): Name = "Package"; Value = "0603"; VariantName = "[No Variations]"
Add component (AddParameter): Name = "Supplier"; Value = "LC"; VariantName = "[No Variations]"
Add component (AddParameter): Name = "SuppliersPartNumber"; Value = "C25803"; VariantName = "[No Variations]"
Add component (AddParameter): Name = "Value"; Value = "1MΩ(1%)"; VariantName = "[No Variations]"
Added Component: Designator=R130_6(RESC1608X05N)
Add component (AddParameter): Name = "ComponentLink1Description"; Value = "供应商链接"; VariantName = "[No Variations]"
Add component (AddParameter): Name = "ComponentLink1URL"; Value = "http://www.szlcsc.com/product/details_26546.html"; VariantName = "[No Variations]"
Add component (AddParameter): Name = "Notepad"; Value = ""; VariantName = "[No Variations]"
Add component (AddParameter): Name = "Package"; Value = "0603"; VariantName = "[No Variations]"
Add component (AddParameter): Name = "Supplier"; Value = "LC"; VariantName = "[No Variations]"
Add component (AddParameter): Name = "SuppliersPartNumber"; Value = "C25803"; VariantName = "[No Variations]"
Add component (AddParameter): Name = "Value"; Value = "1MΩ(1%)"; VariantName = "[No Variations]"
Added Component: Designator=R131_6(RESC1608X05N)
Add component (AddParameter): Name = "ComponentLink1Description"; Value = "供应商链接"; VariantName = "[No Variations]"
Add component (AddParameter): Name = "ComponentLink1URL"; Value = "http://www.szlcsc.com/product/details_26546.html"; VariantName = "[No Variations]"
Add component (AddParameter): Name = "Notepad"; Value = ""; VariantName = "[No Variations]"
Add component (AddParameter): Name = "Package"; Value = "0603"; VariantName = "[No Variations]"
Add component (AddParameter): Name = "Supplier"; Value = "LC"; VariantName = "[No Variations]"
Add component (AddParameter): Name = "SuppliersPartNumber"; Value = "C25803"; VariantName = "[No Variations]"
Add component (AddParameter): Name = "Value"; Value = "1MΩ(1%)"; VariantName = "[No Variations]"
Added Component: Designator=R132_6(RESC1608X05N)
Add component (AddParameter): Name = "ComponentLink1Description"; Value = "供应商链接"; VariantName = "[No Variations]"
Add component (AddParameter): Name = "ComponentLink1URL"; Value = "http://www.szlcsc.com/product/details_26546.html"; VariantName = "[No Variations]"
Add component (AddParameter): Name = "Notepad"; Value = ""; VariantName = "[No Variations]"
Add component (AddParameter): Name = "Package"; Value = "0603"; VariantName = "[No Variations]"
Add component (AddParameter): Name = "Supplier"; Value = "LC"; VariantName = "[No Variations]"
Add component (AddParameter): Name = "SuppliersPartNumber"; Value = "C25803"; VariantName = "[No Variations]"
Add component (AddParameter): Name = "Value"; Value = "1MΩ(1%)"; VariantName = "[No Variations]"
Added Component: Designator=U13_2(SOT-23-5_L3.0-W1.7-P0.95-LS2.8-BR)
Add component (AddParameter): Name = "Add into BOM"; Value = "yes"; VariantName = "[No Variations]"
Add component (AddParameter): Name = "Common Mode Rejection Ratio (CMRR)"; Value = "70dB"; VariantName = "[No Variations]"
Add component (AddParameter): Name = "Convert to PCB"; Value = "yes"; VariantName = "[No Variations]"
Add component (AddParameter): Name = "Datasheet"; Value = "https://www.ti.com/cn/lit/gpn/tlv3201"; VariantName = "[No Variations]"
Add component (AddParameter): Name = "Device"; Value = "TLV3201AIDBVR"; VariantName = "[No Variations]"
Add component (AddParameter): Name = "Input Bias Current (Ib)"; Value = "5nA"; VariantName = "[No Variations]"
Add component (AddParameter): Name = "Input Hysteresis Voltage (Vhys)"; Value = "1.2mV"; VariantName = "[No Variations]"
Add component (AddParameter): Name = "Input Offset Voltage (Vos)"; Value = "1mV"; VariantName = "[No Variations]"
Add component (AddParameter): Name = "JLCPCB Part Class"; Value = "Extended Part"; VariantName = "[No Variations]"
Add component (AddParameter): Name = "LCSC Part Name"; Value = "TLV3201AIDBVR"; VariantName = "[No Variations]"
Add component (AddParameter): Name = "Manufacturer"; Value = "TI(德州仪器)"; VariantName = "[No Variations]"
Add component (AddParameter): Name = "Manufacturer Part"; Value = "TLV3201AIDBVR"; VariantName = "[No Variations]"
Add component (AddParameter): Name = "Name"; Value = ""; VariantName = "[No Variations]"
Add component (AddParameter): Name = "Operating Temperature"; Value = "-40℃~+125℃"; VariantName = "[No Variations]"
Add component (AddParameter): Name = "Output Mode"; Value = "-"; VariantName = "[No Variations]"
Add component (AddParameter): Name = "Output Type"; Value = "推挽"; VariantName = "[No Variations]"
Add component (AddParameter): Name = "Propagation Delay Time"; Value = "40ns"; VariantName = "[No Variations]"
Add component (AddParameter): Name = "Rail-to-Rail"; Value = "-"; VariantName = "[No Variations]"
Add component (AddParameter): Name = "Supplier"; Value = "LCSC"; VariantName = "[No Variations]"
Add component (AddParameter): Name = "Supplier Footprint"; Value = "SOT-23-5"; VariantName = "[No Variations]"
Add component (AddParameter): Name = "Supplier Part"; Value = "C105188"; VariantName = "[No Variations]"
Add component (AddParameter): Name = "Supply Current"; Value = "40uA"; VariantName = "[No Variations]"
Add component (AddParameter): Name = "Supply Voltage"; Value = "2.7V~5.5V"; VariantName = "[No Variations]"
Add component (AddParameter): Name = "Symbol"; Value = "TLV3201AIDBVR"; VariantName = "[No Variations]"
Added Component: Designator=U14_2(FP-DCK0006A-MFG)
Add component (AddParameter): Name = "Ambient Temperature Range High"; Value = "+125°C"; VariantName = "[No Variations]"
Add component (AddParameter): Name = "Ambient Temperature Range Low"; Value = "-40°C"; VariantName = "[No Variations]"
Add component (AddParameter): Name = "Automotive"; Value = "No"; VariantName = "[No Variations]"
Add component (AddParameter): Name = "Category"; Value = "IC"; VariantName = "[No Variations]"
Add component (AddParameter): Name = "ComponentLink2Description"; Value = "Datasheet"; VariantName = "[No Variations]"
Add component (AddParameter): Name = "ComponentLink2URL"; Value = "http://www.ti.com/lit/ds/symlink/sn74lvc1g332.pdf"; VariantName = "[No Variations]"
Add component (AddParameter): Name = "Device Class L1"; Value = "Integrated Circuits (ICs)"; VariantName = "[No Variations]"
Add component (AddParameter): Name = "Device Class L2"; Value = "Logic ICs"; VariantName = "[No Variations]"
Add component (AddParameter): Name = "Device Class L3"; Value = "Logic Gates"; VariantName = "[No Variations]"
Add component (AddParameter): Name = "Digikey Description"; Value = "IC GATE OR 1CH 3-INP SC70-6"; VariantName = "[No Variations]"
Add component (AddParameter): Name = "Height"; Value = "1.1mm"; VariantName = "[No Variations]"
Add component (AddParameter): Name = "Lead Free"; Value = "Yes"; VariantName = "[No Variations]"
Add component (AddParameter): Name = "Logic Function Desc"; Value = "Non-Inverting"; VariantName = "[No Variations]"
Add component (AddParameter): Name = "Manufacturer"; Value = "Texas Instruments"; VariantName = "[No Variations]"
Add component (AddParameter): Name = "Manufacturer Part Number"; Value = "SN74LVC1G332DCKR"; VariantName = "[No Variations]"
Add component (AddParameter): Name = "Max Supply Voltage"; Value = "5.5V"; VariantName = "[No Variations]"
Add component (AddParameter): Name = "Min Supply Voltage"; Value = "1.65V"; VariantName = "[No Variations]"
Add component (AddParameter): Name = "Mouser Description"; Value = "Logic Gates Single 3-Input Pos- OR Gate"; VariantName = "[No Variations]"
Add component (AddParameter): Name = "Nominal Supply Current"; Value = "10uA"; VariantName = "[No Variations]"
Add component (AddParameter): Name = "Number Of Circuits"; Value = "1"; VariantName = "[No Variations]"
Add component (AddParameter): Name = "Number Of Inputs"; Value = "3"; VariantName = "[No Variations]"
Add component (AddParameter): Name = "Number Of Outputs"; Value = "1"; VariantName = "[No Variations]"
Add component (AddParameter): Name = "Octopart"; Value = "https://octopart.com/sn74lvc1g332dckr-texas+instruments-464861"; VariantName = "[No Variations]"
Add component (AddParameter): Name = "Package"; Value = "DCK0006A"; VariantName = "[No Variations]"
Add component (AddParameter): Name = "Propagation Delay"; Value = "20ns"; VariantName = "[No Variations]"
Add component (AddParameter): Name = "RoHS"; Value = "TRUE"; VariantName = "[No Variations]"
Add component (AddParameter): Name = "Standoff Height"; Value = "0mm"; VariantName = "[No Variations]"
Add component (AddParameter): Name = "Temperature"; Value = "-40°C to +125°C"; VariantName = "[No Variations]"
Add component (AddParameter): Name = "Temperature Range High"; Value = "+125°C"; VariantName = "[No Variations]"
Add component (AddParameter): Name = "Temperature Range Low"; Value = "-40°C"; VariantName = "[No Variations]"
Added Component: Designator=U15_2(SOT-23-5_L3.0-W1.7-P0.95-LS2.8-BR)
Add component (AddParameter): Name = "Add into BOM"; Value = "yes"; VariantName = "[No Variations]"
Add component (AddParameter): Name = "Common Mode Rejection Ratio (CMRR)"; Value = "70dB"; VariantName = "[No Variations]"
Add component (AddParameter): Name = "Convert to PCB"; Value = "yes"; VariantName = "[No Variations]"
Add component (AddParameter): Name = "Datasheet"; Value = "https://www.ti.com/cn/lit/gpn/tlv3201"; VariantName = "[No Variations]"
Add component (AddParameter): Name = "Device"; Value = "TLV3201AIDBVR"; VariantName = "[No Variations]"
Add component (AddParameter): Name = "Input Bias Current (Ib)"; Value = "5nA"; VariantName = "[No Variations]"
Add component (AddParameter): Name = "Input Hysteresis Voltage (Vhys)"; Value = "1.2mV"; VariantName = "[No Variations]"
Add component (AddParameter): Name = "Input Offset Voltage (Vos)"; Value = "1mV"; VariantName = "[No Variations]"
Add component (AddParameter): Name = "JLCPCB Part Class"; Value = "Extended Part"; VariantName = "[No Variations]"
Add component (AddParameter): Name = "LCSC Part Name"; Value = "TLV3201AIDBVR"; VariantName = "[No Variations]"
Add component (AddParameter): Name = "Manufacturer"; Value = "TI(德州仪器)"; VariantName = "[No Variations]"
Add component (AddParameter): Name = "Manufacturer Part"; Value = "TLV3201AIDBVR"; VariantName = "[No Variations]"
Add component (AddParameter): Name = "Name"; Value = ""; VariantName = "[No Variations]"
Add component (AddParameter): Name = "Operating Temperature"; Value = "-40℃~+125℃"; VariantName = "[No Variations]"
Add component (AddParameter): Name = "Output Mode"; Value = "-"; VariantName = "[No Variations]"
Add component (AddParameter): Name = "Output Type"; Value = "推挽"; VariantName = "[No Variations]"
Add component (AddParameter): Name = "Propagation Delay Time"; Value = "40ns"; VariantName = "[No Variations]"
Add component (AddParameter): Name = "Rail-to-Rail"; Value = "-"; VariantName = "[No Variations]"
Add component (AddParameter): Name = "Supplier"; Value = "LCSC"; VariantName = "[No Variations]"
Add component (AddParameter): Name = "Supplier Footprint"; Value = "SOT-23-5"; VariantName = "[No Variations]"
Add component (AddParameter): Name = "Supplier Part"; Value = "C105188"; VariantName = "[No Variations]"
Add component (AddParameter): Name = "Supply Current"; Value = "40uA"; VariantName = "[No Variations]"
Add component (AddParameter): Name = "Supply Voltage"; Value = "2.7V~5.5V"; VariantName = "[No Variations]"
Add component (AddParameter): Name = "Symbol"; Value = "TLV3201AIDBVR"; VariantName = "[No Variations]"
Added Component: Designator=U16_2(SOT-23-5_L3.0-W1.7-P0.95-LS2.8-BR)
Add component (AddParameter): Name = "Add into BOM"; Value = "yes"; VariantName = "[No Variations]"
Add component (AddParameter): Name = "Common Mode Rejection Ratio (CMRR)"; Value = "70dB"; VariantName = "[No Variations]"
Add component (AddParameter): Name = "Convert to PCB"; Value = "yes"; VariantName = "[No Variations]"
Add component (AddParameter): Name = "Datasheet"; Value = "https://www.ti.com/cn/lit/gpn/tlv3201"; VariantName = "[No Variations]"
Add component (AddParameter): Name = "Device"; Value = "TLV3201AIDBVR"; VariantName = "[No Variations]"
Add component (AddParameter): Name = "Input Bias Current (Ib)"; Value = "5nA"; VariantName = "[No Variations]"
Add component (AddParameter): Name = "Input Hysteresis Voltage (Vhys)"; Value = "1.2mV"; VariantName = "[No Variations]"
Add component (AddParameter): Name = "Input Offset Voltage (Vos)"; Value = "1mV"; VariantName = "[No Variations]"
Add component (AddParameter): Name = "JLCPCB Part Class"; Value = "Extended Part"; VariantName = "[No Variations]"
Add component (AddParameter): Name = "LCSC Part Name"; Value = "TLV3201AIDBVR"; VariantName = "[No Variations]"
Add component (AddParameter): Name = "Manufacturer"; Value = "TI(德州仪器)"; VariantName = "[No Variations]"
Add component (AddParameter): Name = "Manufacturer Part"; Value = "TLV3201AIDBVR"; VariantName = "[No Variations]"
Add component (AddParameter): Name = "Name"; Value = ""; VariantName = "[No Variations]"
Add component (AddParameter): Name = "Operating Temperature"; Value = "-40℃~+125℃"; VariantName = "[No Variations]"
Add component (AddParameter): Name = "Output Mode"; Value = "-"; VariantName = "[No Variations]"
Add component (AddParameter): Name = "Output Type"; Value = "推挽"; VariantName = "[No Variations]"
Add component (AddParameter): Name = "Propagation Delay Time"; Value = "40ns"; VariantName = "[No Variations]"
Add component (AddParameter): Name = "Rail-to-Rail"; Value = "-"; VariantName = "[No Variations]"
Add component (AddParameter): Name = "Supplier"; Value = "LCSC"; VariantName = "[No Variations]"
Add component (AddParameter): Name = "Supplier Footprint"; Value = "SOT-23-5"; VariantName = "[No Variations]"
Add component (AddParameter): Name = "Supplier Part"; Value = "C105188"; VariantName = "[No Variations]"
Add component (AddParameter): Name = "Supply Current"; Value = "40uA"; VariantName = "[No Variations]"
Add component (AddParameter): Name = "Supply Voltage"; Value = "2.7V~5.5V"; VariantName = "[No Variations]"
Add component (AddParameter): Name = "Symbol"; Value = "TLV3201AIDBVR"; VariantName = "[No Variations]"
Added Component: Designator=U21_6(FP-MOF0009A-MFG)
Add component (AddParameter): Name = "Case/Package"; Value = "QFN"; VariantName = "[No Variations]"
Add component (AddParameter): Name = "Interface"; Value = "Logic"; VariantName = "[No Variations]"
Add component (AddParameter): Name = "Max Operating Temperature"; Value = "125°C"; VariantName = "[No Variations]"
Add component (AddParameter): Name = "Min Operating Temperature"; Value = "-40°C"; VariantName = "[No Variations]"
Add component (AddParameter): Name = "Mount"; Value = "Surface Mount"; VariantName = "[No Variations]"
Add component (AddParameter): Name = "Number of Pins"; Value = "9"; VariantName = "[No Variations]"
Add component (AddParameter): Name = "Output Current per Channel"; Value = "10A"; VariantName = "[No Variations]"
Add component (AddParameter): Name = "Packaging"; Value = "Cut Tape"; VariantName = "[No Variations]"
Add component (AddParameter): Name = "RoHS Compliant"; Value = "Yes"; VariantName = "[No Variations]"
Added Component: Designator=U22_6(PW0008A_N_TEX)
Add component (AddParameter): Name = "Copyright"; Value = "Copyright (C) 2024 Ultra Librarian. All rights reserved."; VariantName = "[No Variations]"
Add component (AddParameter): Name = "Manufacturer_Part_Number"; Value = "INA240A1PW"; VariantName = "[No Variations]"
Add component (AddParameter): Name = "Mfr_Name"; Value = "Texas Instruments"; VariantName = "[No Variations]"
Add component (AddParameter): Name = "RefDes"; Value = "RefDes"; VariantName = "[No Variations]"
Add component (AddParameter): Name = "Type"; Value = "DEV"; VariantName = "[No Variations]"
Added Pin To Net: NetName=3V3 Pin=C55_2-1
Added Pin To Net: NetName=GND Pin=C55_2-2
Added Pin To Net: NetName=GND Pin=C56_2-2
Added Pin To Net: NetName=3V3 Pin=C57_2-1
Added Pin To Net: NetName=GND Pin=C57_2-2
Added Pin To Net: NetName=3V3 Pin=C58_2-1
Added Pin To Net: NetName=GND Pin=C58_2-2
Added Pin To Net: NetName=GND Pin=C59_2-2
Added Pin To Net: NetName=3V3 Pin=C60_2-1
Added Pin To Net: NetName=GND Pin=C60_2-2
Added Pin To Net: NetName=GND Pin=C61_2-2
Added Pin To Net: NetName=PGND Pin=C84_6-1
Added Pin To Net: NetName=VBUS Pin=C84_6-2
Added Pin To Net: NetName=VBUS Pin=C85_6-1
Added Pin To Net: NetName=PGND Pin=C85_6-2
Added Pin To Net: NetName=PGND Pin=C86_6-1
Added Pin To Net: NetName=VBUS Pin=C86_6-2
Added Pin To Net: NetName=PGND Pin=C87_6-1
Added Pin To Net: NetName=VBUS Pin=C87_6-2
Added Pin To Net: NetName=GND Pin=C88_6-1
Added Pin To Net: NetName=GND Pin=C90_6-2
Added Pin To Net: NetName=GND Pin=C91_6-2
Added Pin To Net: NetName=NetC92_1_1 Pin=C92_6-1
Added Pin To Net: NetName=GND Pin=C92_6-2
Added Pin To Net: NetName=VREF1 Pin=C94_6-1
Added Pin To Net: NetName=GND Pin=C94_6-2
Added Pin To Net: NetName=GND Pin=C95_6-1
Added Pin To Net: NetName=3V3 Pin=C95_6-2
Added Pin To Net: NetName=NetR60_1_2 Pin=R60_1-2
Added Pin To Net: NetName=NetR60_1_2 Pin=R60_2-2
Added Pin To Net: NetName=NetR63_1_2 Pin=R63_1-2
Added Pin To Net: NetName=NetR63_1_2 Pin=R63_2-2
Added Pin To Net: NetName=5V Pin=R124_6-2
Added Pin To Net: NetName=PWM1 Pin=R125_6-2
Added Pin To Net: NetName=PWM2 Pin=R126_6-2
Added Pin To Net: NetName=NetR127_1_1 Pin=R127_6-1
Added Pin To Net: NetName=NetR127_1_2 Pin=R127_6-2
Added Pin To Net: NetName=NetC92_1_1 Pin=R128_6-1
Added Pin To Net: NetName=NetR127_1_1 Pin=R128_6-2
Added Pin To Net: NetName=NetR127_1_2 Pin=R129_6-1
Added Pin To Net: NetName=NetR127_1_1 Pin=R130_6-1
Added Pin To Net: NetName=GND Pin=R131_6-1
Added Pin To Net: NetName=NetC92_1_1 Pin=R131_6-2
Added Pin To Net: NetName=VREF1 Pin=R132_6-1
Added Pin To Net: NetName=GND Pin=U13_2-2
Added Pin To Net: NetName=CompRef Pin=U13_2-4
Added Pin To Net: NetName=3V3 Pin=U13_2-5
Added Pin To Net: NetName=GND Pin=U14_2-2
Added Pin To Net: NetName=3V3 Pin=U14_2-5
Added Pin To Net: NetName=GND Pin=U15_2-2
Added Pin To Net: NetName=CompRef Pin=U15_2-4
Added Pin To Net: NetName=3V3 Pin=U15_2-5
Added Pin To Net: NetName=GND Pin=U16_2-2
Added Pin To Net: NetName=CompRef Pin=U16_2-4
Added Pin To Net: NetName=3V3 Pin=U16_2-5
Added Pin To Net: NetName=VBUS Pin=U21_6-1
Added Pin To Net: NetName=GND Pin=U21_6-7
Added Pin To Net: NetName=NetU13_1_8 Pin=U21_6-8
Added Pin To Net: NetName=PGND Pin=U21_6-9
Added Pin To Net: NetName=GND Pin=U22_6-1
Added Pin To Net: NetName=GND Pin=U22_6-4
Added Pin To Net: NetName=3V3 Pin=U22_6-5
Added Pin To Net: NetName=GND Pin=U22_6-6
Added Pin To Net: NetName=NetU22_1_8 Pin=U22_6-8
Change Net Name : Old Net Name=NetC59_2_2 New Net Name=NetC88_1_2
Change Net Name : Old Net Name=NetC59_3_2 New Net Name=NetC88_2_2
Change Net Name : Old Net Name=NetC59_4_2 New Net Name=NetC88_3_2
Change Net Name : Old Net Name=NetC59_5_2 New Net Name=NetC88_4_2
Change Net Name : Old Net Name=NetC59_6_2 New Net Name=NetC88_5_2
Change Net Name : Old Net Name=NetC60_2_1 New Net Name=NetC89_1_1
Change Net Name : Old Net Name=NetC60_2_2 New Net Name=NetC89_1_2
Change Net Name : Old Net Name=NetC60_3_1 New Net Name=NetC89_2_1
Change Net Name : Old Net Name=NetC60_3_2 New Net Name=NetC89_2_2
Change Net Name : Old Net Name=NetC60_4_1 New Net Name=NetC89_3_1
Change Net Name : Old Net Name=NetC60_4_2 New Net Name=NetC89_3_2
Change Net Name : Old Net Name=NetC60_5_1 New Net Name=NetC89_4_1
Change Net Name : Old Net Name=NetC60_5_2 New Net Name=NetC89_4_2
Change Net Name : Old Net Name=NetC60_6_1 New Net Name=NetC89_5_1
Change Net Name : Old Net Name=NetC60_6_2 New Net Name=NetC89_5_2
Change Net Name : Old Net Name=NetC61_2_1 New Net Name=NetC90_1_1
Change Net Name : Old Net Name=NetC61_3_1 New Net Name=NetC90_2_1
Change Net Name : Old Net Name=NetC61_4_1 New Net Name=NetC90_3_1
Change Net Name : Old Net Name=NetC61_5_1 New Net Name=NetC90_4_1
Change Net Name : Old Net Name=NetC61_6_1 New Net Name=NetC90_5_1
Change Net Name : Old Net Name=NetC62_2_1 New Net Name=NetC91_1_1
Change Net Name : Old Net Name=NetC62_3_1 New Net Name=NetC91_2_1
Change Net Name : Old Net Name=NetC62_4_1 New Net Name=NetC91_3_1
Change Net Name : Old Net Name=NetC62_5_1 New Net Name=NetC91_4_1
Change Net Name : Old Net Name=NetC62_6_1 New Net Name=NetC91_5_1
Change Net Name : Old Net Name=NetC64_2_1 New Net Name=NetC56_1_1
Change Net Name : Old Net Name=NetC67_2_1 New Net Name=NetC59_1_1
Change Net Name : Old Net Name=NetC69_2_1 New Net Name=NetC61_1_1
Change Net Name : Old Net Name=NetC71_1 New Net Name=NetC63_1
Change Net Name : Old Net Name=NetC82_1 New Net Name=NetC74_1
Change Net Name : Old Net Name=NetC83_1 New Net Name=NetC75_1
Change Net Name : Old Net Name=NetC93_2_1 New Net Name=NetC93_1_1
Change Net Name : Old Net Name=NetC93_2_2 New Net Name=NetC93_1_2
Change Net Name : Old Net Name=NetC93_3_1 New Net Name=NetC93_2_1
Change Net Name : Old Net Name=NetC93_3_2 New Net Name=NetC93_2_2
Change Net Name : Old Net Name=NetC93_4_1 New Net Name=NetC93_3_1
Change Net Name : Old Net Name=NetC93_4_2 New Net Name=NetC93_3_2
Change Net Name : Old Net Name=NetC93_5_1 New Net Name=NetC93_4_1
Change Net Name : Old Net Name=NetC93_5_2 New Net Name=NetC93_4_2
Change Net Name : Old Net Name=NetC93_6_1 New Net Name=NetC93_5_1
Change Net Name : Old Net Name=NetC93_6_2 New Net Name=NetC93_5_2
Change Net Name : Old Net Name=NetR61_2_1 New Net Name=NetR58_1_1
Change Net Name : Old Net Name=NetR62_2_1 New Net Name=NetR59_1_1
Change Net Name : Old Net Name=NetR64_2_1 New Net Name=NetR61_1_1
Change Net Name : Old Net Name=NetR65_2_1 New Net Name=NetR62_1_1
Change Net Name : Old Net Name=NetR67_2_1 New Net Name=NetR64_1_1
Change Net Name : Old Net Name=NetR68_2_1 New Net Name=NetR65_1_1
Change Net Name : Old Net Name=NetR73_2 New Net Name=NetR70_2
Change Net Name : Old Net Name=NetR93_1 New Net Name=NetR90_1
Change Net Name : Old Net Name=NetR94_1 New Net Name=NetR91_1
Change Net Name : Old Net Name=NetR96_2 New Net Name=NetR93_2
Change Net Name : Old Net Name=NetR108_2 New Net Name=NetR105_2
Change Net Name : Old Net Name=NetR122_1 New Net Name=NetR119_1
Change Net Name : Old Net Name=NetR123_1 New Net Name=NetR120_1
Change Net Name : Old Net Name=NetR125_2 New Net Name=NetR122_2
Change Net Name : Old Net Name=NetR132_2_2 New Net Name=NetR132_1_2
Change Net Name : Old Net Name=NetR132_3_2 New Net Name=NetR132_2_2
Change Net Name : Old Net Name=NetR132_4_2 New Net Name=NetR132_3_2
Change Net Name : Old Net Name=NetR132_5_2 New Net Name=NetR132_4_2
Change Net Name : Old Net Name=NetR132_6_2 New Net Name=NetR132_5_2
Change Net Name : Old Net Name=NetU13_1_8 New Net Name=NetU21_1_8
Added Pin To Net: NetName=NetC56_2_1 Pin=C56_2-1
Added Pin To Net: NetName=NetC56_2_1 Pin=R57_2-1
Added Pin To Net: NetName=NetC56_2_1 Pin=R58_2-2
Added Net: Name=NetC56_2_1
Added Pin To Net: NetName=NetC59_2_1 Pin=C59_2-1
Added Pin To Net: NetName=NetC59_2_1 Pin=R60_2-1
Added Pin To Net: NetName=NetC59_2_1 Pin=R61_2-2
Added Net: Name=NetC59_2_1
Added Pin To Net: NetName=NetC61_2_1 Pin=C61_2-1
Added Pin To Net: NetName=NetC61_2_1 Pin=R63_2-1
Added Pin To Net: NetName=NetC61_2_1 Pin=R64_2-2
Added Net: Name=NetC61_2_1
Added Pin To Net: NetName=NetC88_6_2 Pin=C88_6-2
Added Pin To Net: NetName=NetC88_6_2 Pin=R124_6-1
Added Pin To Net: NetName=NetC88_6_2 Pin=U21_6-6
Added Net: Name=NetC88_6_2
Added Pin To Net: NetName=NetC89_6_1 Pin=C89_6-1
Added Pin To Net: NetName=NetC89_6_1 Pin=U21_6-2
Added Net: Name=NetC89_6_1
Added Pin To Net: NetName=NetC89_6_2 Pin=C89_6-2
Added Pin To Net: NetName=NetC89_6_2 Pin=U21_6-3
Added Net: Name=NetC89_6_2
Added Pin To Net: NetName=NetC90_6_1 Pin=C90_6-1
Added Pin To Net: NetName=NetC90_6_1 Pin=R125_6-1
Added Pin To Net: NetName=NetC90_6_1 Pin=U21_6-4
Added Net: Name=NetC90_6_1
Added Pin To Net: NetName=NetC91_6_1 Pin=C91_6-1
Added Pin To Net: NetName=NetC91_6_1 Pin=R126_6-1
Added Pin To Net: NetName=NetC91_6_1 Pin=U21_6-5
Added Net: Name=NetC91_6_1
Added Pin To Net: NetName=NetC93_6_1 Pin=C93_6-1
Added Pin To Net: NetName=NetC93_6_1 Pin=R130_6-2
Added Pin To Net: NetName=NetC93_6_1 Pin=U22_6-2
Added Net: Name=NetC93_6_1
Added Pin To Net: NetName=NetC93_6_2 Pin=C93_6-2
Added Pin To Net: NetName=NetC93_6_2 Pin=R129_6-2
Added Pin To Net: NetName=NetC93_6_2 Pin=U22_6-3
Added Net: Name=NetC93_6_2
Added Pin To Net: NetName=NetR57_1_2 Pin=R57_1-2
Added Pin To Net: NetName=NetR57_1_2 Pin=R57_2-2
Added Net: Name=NetR57_1_2
Added Pin To Net: NetName=NetR58_2_1 Pin=R58_2-1
Added Pin To Net: NetName=NetR58_2_1 Pin=R59_2-2
Added Pin To Net: NetName=NetR58_2_1 Pin=U13_2-3
Added Net: Name=NetR58_2_1
Added Pin To Net: NetName=NetR59_2_1 Pin=R59_2-1
Added Pin To Net: NetName=NetR59_2_1 Pin=U13_2-1
Added Pin To Net: NetName=NetR59_2_1 Pin=U14_2-1
Added Net: Name=NetR59_2_1
Added Pin To Net: NetName=NetR61_2_1 Pin=R61_2-1
Added Pin To Net: NetName=NetR61_2_1 Pin=R62_2-2
Added Pin To Net: NetName=NetR61_2_1 Pin=U15_2-3
Added Net: Name=NetR61_2_1
Added Pin To Net: NetName=NetR62_2_1 Pin=R62_2-1
Added Pin To Net: NetName=NetR62_2_1 Pin=U14_2-3
Added Pin To Net: NetName=NetR62_2_1 Pin=U15_2-1
Added Net: Name=NetR62_2_1
Added Pin To Net: NetName=NetR64_2_1 Pin=R64_2-1
Added Pin To Net: NetName=NetR64_2_1 Pin=R65_2-2
Added Pin To Net: NetName=NetR64_2_1 Pin=U16_2-3
Added Net: Name=NetR64_2_1
Added Pin To Net: NetName=NetR65_2_1 Pin=R65_2-1
Added Pin To Net: NetName=NetR65_2_1 Pin=U14_2-6
Added Pin To Net: NetName=NetR65_2_1 Pin=U16_2-1
Added Net: Name=NetR65_2_1
Added Pin To Net: NetName=NetR132_6_2 Pin=R132_6-2
Added Pin To Net: NetName=NetR132_6_2 Pin=U22_6-7
Added Net: Name=NetR132_6_2
Added Pin To Net: NetName=NetU14_1_4 Pin=U14_1-4
Added Pin To Net: NetName=NetU14_1_4 Pin=U14_2-4
Added Net: Name=NetU14_1_4
Change Class Name : Old Net Name=U_3Phase Inverter3 New Net Name=U_3Phase Inverter1
Change Class Name : Old Net Name=U_3Phase Inverter4 New Net Name=U_Phase Current Voltage Sense2
Change Class Name : Old Net Name=U_3Phase Inverter5 New Net Name=U_3Phase Inverter2
Change Class Name : Old Net Name=U_3Phase Inverter6 New Net Name=U_3Phase Inverter4
Change Class Name : Old Net Name=U_1233 New Net Name=U_1231
Change Class Name : Old Net Name=U_1234 New Net Name=U_1232
Change Class Name : Old Net Name=U_1235 New Net Name=U_1233
Change Class Name : Old Net Name=U_1236 New Net Name=U_1234
Added Class: Name=U_3Phase Inverter3
Added Class: Name=U_3Phase Inverter5
Added Class: Name=U_3Phase Inverter6
Added Class: Name=U_1235
Added Class: Name=U_1236
Added Member To Class: ClassName=U_Phase Current Voltage Sense1 Member=Component C55_1 (C55) 0.1uF
Added Member To Class: ClassName=U_Phase Current Voltage Sense2 Member=Component C55_2 (C55) 0.1uF
Added Member To Class: ClassName=U_Phase Current Voltage Sense1 Member=Component C56_1 (C56) 2200pF
Added Member To Class: ClassName=U_Phase Current Voltage Sense2 Member=Component C56_2 (C56) 2200pF
Added Member To Class: ClassName=U_Phase Current Voltage Sense1 Member=Component C57_1 (C57) 0.1uF
Added Member To Class: ClassName=U_Phase Current Voltage Sense2 Member=Component C57_2 (C57) 0.1uF
Added Member To Class: ClassName=U_Phase Current Voltage Sense1 Member=Component C58_1 (C58) 0.1uF
Added Member To Class: ClassName=U_Phase Current Voltage Sense1 Member=Component C59_1 (C59) 2200pF
Added Member To Class: ClassName=U_Phase Current Voltage Sense1 Member=Component C60_1 (C60) 0.1uF
Added Member To Class: ClassName=U_Phase Current Voltage Sense2 Member=Component C60_2 (C60) 0.1uF
Added Member To Class: ClassName=U_Phase Current Voltage Sense1 Member=Component C61_1 (C61) 2200pF
Added Member To Class: ClassName=U_Phase Current Voltage Sense2 Member=Component C61_2 (C61) 2200pF
Added Member To Class: ClassName=U_3Phase Inverter1 Member=Component C85_1 (C85) 100nF
Added Member To Class: ClassName=U_3Phase Inverter1 Member=Component C86_1 (C86) 3.3uF
Added Member To Class: ClassName=U_3Phase Inverter2 Member=Component C87_2 (C87) 3.3uF
Added Member To Class: ClassName=U_3Phase Inverter4 Member=Component C87_4 (C87) 3.3uF
Added Member To Class: ClassName=U_3Phase Inverter2 Member=Component C88_2 (C88) 2.2uF
Added Member To Class: ClassName=U_3Phase Inverter4 Member=Component C88_4 (C88) 2.2uF
Added Member To Class: ClassName=U_3Phase Inverter1 Member=Component C90_1 (C90) 47pF
Added Member To Class: ClassName=U_3Phase Inverter1 Member=Component C91_1 (C91) 47pF
Added Member To Class: ClassName=U_1231 Member=Component C92_1 (C92) 0.033uF
Added Member To Class: ClassName=U_1231 Member=Component C93_1 (C93) 1500pF
Added Member To Class: ClassName=U_1231 Member=Component C94_1 (C94) 0.1uF
Added Member To Class: ClassName=U_Phase Current Voltage Sense1 Member=Component R57_1 (R57) 20
Added Member To Class: ClassName=U_Phase Current Voltage Sense1 Member=Component R58_1 (R58) 10.0k
Added Member To Class: ClassName=U_Phase Current Voltage Sense2 Member=Component R58_2 (R58) 10.0k
Added Member To Class: ClassName=U_Phase Current Voltage Sense1 Member=Component R59_1 (R59) 332k
Added Member To Class: ClassName=U_Phase Current Voltage Sense2 Member=Component R59_2 (R59) 332k
Added Member To Class: ClassName=U_Phase Current Voltage Sense1 Member=Component R60_1 (R60) 20
Added Member To Class: ClassName=U_Phase Current Voltage Sense2 Member=Component R60_2 (R60) 20
Added Member To Class: ClassName=U_Phase Current Voltage Sense1 Member=Component R61_1 (R61) 10.0k
Added Member To Class: ClassName=U_Phase Current Voltage Sense2 Member=Component R61_2 (R61) 10.0k
Added Member To Class: ClassName=U_Phase Current Voltage Sense1 Member=Component R62_1 (R62) 332k
Added Member To Class: ClassName=U_Phase Current Voltage Sense2 Member=Component R62_2 (R62) 332k
Added Member To Class: ClassName=U_Phase Current Voltage Sense1 Member=Component R63_1 (R63) 20
Added Member To Class: ClassName=U_Phase Current Voltage Sense2 Member=Component R63_2 (R63) 20
Added Member To Class: ClassName=U_Phase Current Voltage Sense1 Member=Component R64_1 (R64) 10.0k
Added Member To Class: ClassName=U_Phase Current Voltage Sense2 Member=Component R64_2 (R64) 10.0k
Added Member To Class: ClassName=U_Phase Current Voltage Sense1 Member=Component R65_1 (R65) 332k
Added Member To Class: ClassName=U_Phase Current Voltage Sense2 Member=Component R65_2 (R65) 332k
Added Member To Class: ClassName=U_3Phase Inverter2 Member=Component R124_2 (R124) 0
Added Member To Class: ClassName=U_3Phase Inverter4 Member=Component R124_4 (R124) 0
Added Member To Class: ClassName=U_3Phase Inverter1 Member=Component R125_1 (R125) 20
Added Member To Class: ClassName=U_3Phase Inverter1 Member=Component R126_1 (R126) 20
Added Member To Class: ClassName=U_1231 Member=Component R127_1 (R127) 0.005
Added Member To Class: ClassName=U_1231 Member=Component R128_1 (R128) 100k
Added Member To Class: ClassName=U_1231 Member=Component R129_1 (R129) 0
Added Member To Class: ClassName=U_1231 Member=Component R132_1 (R132) 0
Added Member To Class: ClassName=U_Phase Current Voltage Sense1 Member=Component U13_1 (U13) TLV3201AIDBVR
Added Member To Class: ClassName=U_Phase Current Voltage Sense2 Member=Component U13_2 (U13) TLV3201AIDBVR
Added Member To Class: ClassName=U_Phase Current Voltage Sense1 Member=Component U14_1 (U14) SN74LVC1G332DCKR
Added Member To Class: ClassName=U_Phase Current Voltage Sense2 Member=Component U14_2 (U14) SN74LVC1G332DCKR
Added Member To Class: ClassName=U_Phase Current Voltage Sense1 Member=Component U15_1 (U15) TLV3201AIDBVR
Added Member To Class: ClassName=U_Phase Current Voltage Sense2 Member=Component U15_2 (U15) TLV3201AIDBVR
Added Member To Class: ClassName=U_Phase Current Voltage Sense1 Member=Component U16_1 (U16) TLV3201AIDBVR
Added Member To Class: ClassName=U_Phase Current Voltage Sense2 Member=Component U16_2 (U16) TLV3201AIDBVR
Added Member To Class: ClassName=U_3Phase Inverter1 Member=Component U21_1 (U21) LMG5200MOFT
Change Room Name: Old Name=RoomDefinition_9 New Name=U_3Phase Inverter6
Change Room Scope: Old Scope=InComponentClass('Room Definition 6') New Scope=InComponentClass('U_3Phase Inverter6')
Change Room Name: Old Name=RoomDefinition_2 New Name=U_1231
Change Room Name: Old Name=RoomDefinition_3 New Name=U_1232
Change Room Name: Old Name=RoomDefinition_4 New Name=U_1233
Change Room Name: Old Name=RoomDefinition_5 New Name=U_1234
Change Room Name: Old Name=RoomDefinition_6 New Name=U_1235
Added Room: Name=1
Added Room: Name=3
Added Room: Name=Fdbk_11
Added Room: Name=Fdbk_12
Added Room: Name=Fdbk_13
Added Room: Name=Fdbk_21
Added Room: Name=Fdbk_22
Added Room: Name=Fdbk_23
Added Room: Name=Intermediate_LCL_Top_20230320
Added Room: Name=LCL_11
Added Room: Name=LCL_12
Added Room: Name=LCL_13
Added Room: Name=LCL_21
Added Room: Name=LCL_22
Added Room: Name=LCL_23
Added Room: Name=U_3Phase Inverter1
Added Room: Name=U_3Phase Inverter2
Added Room: Name=U_1236
Added Room: Name=U_Phase Current Voltage Sense1
Added Room: Name=U_Phase Current Voltage Sense2
