Removed Pin From Net: NetName=3V3 Pin=C49-2
Removed Pin From Net: NetName=3V3 Pin=C52-2
Removed Pin From Net: NetName=VC-Motor2 Pin=J18-1
Removed Pin From Net: NetName=VB-Motor2 Pin=J18-2
Removed Pin From Net: NetName=VA-Motor2 Pin=J18-3
Removed Pin From Net: NetName=VC-Motor1 Pin=J19-1
Removed Pin From Net: NetName=VB-Motor1 Pin=J19-2
Removed Pin From Net: NetName=VA-Motor1 Pin=J19-3
Removed Pin From Net: NetName=3V3 Pin=R39-2
Removed Pin From Net: NetName=3V3 Pin=R40-2
Removed Pin From Net: NetName=3V3 Pin=R41-2
Removed Pin From Net: NetName=PGND Pin=R46-1
Removed Pin From Net: NetName=GND Pin=R47-1
Removed Pin From Net: NetName=3V3 Pin=R48-2
Removed Pin From Net: NetName=3V3 Pin=R49-2
Removed Pin From Net: NetName=3V3 Pin=R50-2
Removed Pin From Net: NetName=PGND Pin=R53-1
Removed Pin From Net: NetName=GND Pin=R54-1
Removed Pin From Net: NetName=3V3 Pin=U10-5
Removed Pin From Net: NetName=3V3 Pin=U12-5
Removed Member From Class: ClassName=1 Member=C49
Removed Member From Class: ClassName=1 Member=C52
Removed Member From Class: ClassName=U_Phase Current Voltage Sense2 Member=C102_1
Removed Member From Class: ClassName=U_Phase Current Voltage Sense2 Member=C104_1
Removed Member From Class: ClassName=U_3Phase Inverter2 Member=C116_1
Removed Member From Class: ClassName=U_3Phase Inverter2 Member=C117_1
Removed Member From Class: ClassName=U_3Phase Inverter2 Member=C118_1
Removed Member From Class: ClassName=U_3Phase Inverter2 Member=C119_1
Removed Member From Class: ClassName=Intermediate_LCL_Top_20230320 Member=J1
Removed Member From Class: ClassName=Intermediate_LCL_Top_20230320 Member=J5
Removed Member From Class: ClassName=3 Member=J18
Removed Member From Class: ClassName=3 Member=J19
Removed Member From Class: ClassName=3 Member=P1
Removed Member From Class: ClassName=1 Member=R39
Removed Member From Class: ClassName=1 Member=R40
Removed Member From Class: ClassName=1 Member=R41
Removed Member From Class: ClassName=1 Member=R44
Removed Member From Class: ClassName=1 Member=R45
Removed Member From Class: ClassName=1 Member=R46
Removed Member From Class: ClassName=1 Member=R47
Removed Member From Class: ClassName=1 Member=R48
Removed Member From Class: ClassName=1 Member=R49
Removed Member From Class: ClassName=1 Member=R50
Removed Member From Class: ClassName=1 Member=R51
Removed Member From Class: ClassName=1 Member=R52
Removed Member From Class: ClassName=1 Member=R53
Removed Member From Class: ClassName=1 Member=R54
Removed Member From Class: ClassName=U_3Phase Inverter2 Member=R145_1
Removed Member From Class: ClassName=U_3Phase Inverter2 Member=R146_1
Removed Member From Class: ClassName=U_3Phase Inverter2 Member=R147_1
Removed Member From Class: ClassName=Intermediate_LCL_Top_20230320 Member=TP11
Removed Member From Class: ClassName=Intermediate_LCL_Top_20230320 Member=TP17
Removed Member From Class: ClassName=1 Member=U10
Removed Member From Class: ClassName=1 Member=U12
Removed Member From Class: ClassName=U_Phase Current Voltage Sense2 Member=U23_1
Removed Member From Class: ClassName=U_3Phase Inverter2 Member=U26_1
Added Pin To Net: NetName=VA-Motor1 Pin=L1-1
Added Pin To Net: NetName=VB-Motor1 Pin=L1-2
Added Pin To Net: NetName=VC-Motor1 Pin=L1-3
Added Pin To Net: NetName=VA-Motor2 Pin=L2-1
Added Pin To Net: NetName=VB-Motor2 Pin=L2-2
Added Pin To Net: NetName=VC-Motor2 Pin=L2-3
Added Pin To Net: NetName=NetC108_1_1 Pin=R69-1
Added Pin To Net: NetName=NetC108_2_1 Pin=R96-1
Added Pin To Net: NetName=IA1 Pin=U24_1-8
Added Pin To Net: NetName=IA2 Pin=U24_2-8
Change Net Name : Old Net Name=NetC108_1_1 New Net Name=VA1
Change Net Name : Old Net Name=NetC108_2_1 New Net Name=VA2
Change Net Name : Old Net Name=NetR133_1_1 New Net Name=VA_Motor1
Change Net Name : Old Net Name=NetR133_2_1 New Net Name=VA_Motor2
Added Member To Class: ClassName=U_Phase Current Voltage Sense1 Member=Component C55_1 (C55) 0.1uF
Added Member To Class: ClassName=U_Phase Current Voltage Sense1 Member=Component C56_1 (C56) 2200pF
Added Member To Class: ClassName=U_Phase Current Voltage Sense1 Member=Component C57_1 (C57) 0.1uF
Added Member To Class: ClassName=U_Phase Current Voltage Sense2 Member=Component C57_2 (C57) 0.1uF
Added Member To Class: ClassName=U_Phase Current Voltage Sense1 Member=Component C58_1 (C58) 0.1uF
Added Member To Class: ClassName=U_Phase Current Voltage Sense1 Member=Component C59_1 (C59) 2200pF
Added Member To Class: ClassName=U_Phase Current Voltage Sense2 Member=Component C59_2 (C59) 2200pF
Added Member To Class: ClassName=U_Phase Current Voltage Sense1 Member=Component C60_1 (C60) 0.1uF
Added Member To Class: ClassName=U_Phase Current Voltage Sense1 Member=Component C61_1 (C61) 2200pF
Added Member To Class: ClassName=U_3Phase Inverter2 Member=Component C92_2 (C92) 3.3uF
Added Member To Class: ClassName=U_3Phase Inverter2 Member=Component C93_2 (C93) 100nF
Added Member To Class: ClassName=U_3Phase Inverter2 Member=Component C94_2 (C94) 3.3uF
Added Member To Class: ClassName=U_3Phase Inverter2 Member=Component C95_2 (C95) 3.3uF
Added Member To Class: ClassName=1 Member=Component P1 Header 2
Added Member To Class: ClassName=U_Phase Current Voltage Sense1 Member=Component R57_1 (R57) 20
Added Member To Class: ClassName=U_Phase Current Voltage Sense1 Member=Component R58_1 (R58) 10.0k
Added Member To Class: ClassName=U_Phase Current Voltage Sense2 Member=Component R58_2 (R58) 10.0k
Added Member To Class: ClassName=U_Phase Current Voltage Sense1 Member=Component R59_1 (R59) 332k
Added Member To Class: ClassName=U_Phase Current Voltage Sense1 Member=Component R60_1 (R60) 20
Added Member To Class: ClassName=U_Phase Current Voltage Sense1 Member=Component R62_1 (R62) 332k
Added Member To Class: ClassName=U_Phase Current Voltage Sense1 Member=Component R64_1 (R64) 10.0k
Added Member To Class: ClassName=3 Member=Component R69 20
Added Member To Class: ClassName=3 Member=Component R71 20
Added Member To Class: ClassName=3 Member=Component R73 20
Added Member To Class: ClassName=3 Member=Component R75 20
Added Member To Class: ClassName=3 Member=Component R77 20
Added Member To Class: ClassName=3 Member=Component R79 10.0k
Added Member To Class: ClassName=3 Member=Component R81 10.0k
Added Member To Class: ClassName=3 Member=Component R83 10.0k
Added Member To Class: ClassName=3 Member=Component R85 10.0k
Added Member To Class: ClassName=3 Member=Component R87 10.0k
Added Member To Class: ClassName=3 Member=Component R89 10.0k
Added Member To Class: ClassName=3 Member=Component R91 10.0k
Added Member To Class: ClassName=3 Member=Component R93 0
Added Member To Class: ClassName=3 Member=Component R95 20
Added Member To Class: ClassName=3 Member=Component R97 20
Added Member To Class: ClassName=3 Member=Component R99 20
Added Member To Class: ClassName=3 Member=Component R101 0
Added Member To Class: ClassName=3 Member=Component R103 20
Added Member To Class: ClassName=3 Member=Component R105 10.0k
Added Member To Class: ClassName=3 Member=Component R107 10.0k
Added Member To Class: ClassName=3 Member=Component R109 10.0k
Added Member To Class: ClassName=3 Member=Component R111 10.0k
Added Member To Class: ClassName=3 Member=Component R113 10.0k
Added Member To Class: ClassName=3 Member=Component R115 10.0k
Added Member To Class: ClassName=3 Member=Component R117 10.0k
Added Member To Class: ClassName=3 Member=Component R119 10.0k
Added Member To Class: ClassName=3 Member=Component R121 10.0k
Added Member To Class: ClassName=3 Member=Component R123 10.0k
Added Member To Class: ClassName=U_3Phase Inverter2 Member=Component R127_2 (R127) 0
Added Member To Class: ClassName=U_3Phase Inverter2 Member=Component R128_2 (R128) 20
Added Member To Class: ClassName=U_3Phase Inverter2 Member=Component R129_2 (R129) 20
Added Member To Class: ClassName=U_3Phase Inverter1 Member=Component R130_1 (R130) 0
Added Member To Class: ClassName=U_3Phase Inverter1 Member=Component R131_1 (R131) 20
Added Member To Class: ClassName=U_3Phase Inverter1 Member=Component R132_1 (R132) 20
Added Member To Class: ClassName=U_Phase Current Voltage Sense1 Member=Component U13_1 (U13) TLV3201AIDBVR
Added Member To Class: ClassName=U_Phase Current Voltage Sense2 Member=Component U13_2 (U13) TLV3201AIDBVR
Added Member To Class: ClassName=U_Phase Current Voltage Sense1 Member=Component U14_1 (U14) SN74LVC1G332DCKR
Added Member To Class: ClassName=U_Phase Current Voltage Sense1 Member=Component U16_1 (U16) TLV3201AIDBVR
Added Member To Class: ClassName=U_Phase Current Voltage Sense2 Member=Component U16_2 (U16) TLV3201AIDBVR
Added Member To Class: ClassName=3 Member=Component U18 SN74LVC1G32DCKR
Added Member To Class: ClassName=3 Member=Component U20 SN74LVC1G32DCKR
Added Member To Class: ClassName=U_3Phase Inverter2 Member=Component U22_2 (U22) LMG5200MOFT
Added Room: Name=1
Added Room: Name=3
Added Room: Name=Fdbk_11
Added Room: Name=Fdbk_12
Added Room: Name=Fdbk_13
Added Room: Name=Fdbk_21
Added Room: Name=Fdbk_22
Added Room: Name=Fdbk_23
Added Room: Name=Intermediate_LCL_Top_20230320
Added Room: Name=LCL_11
Added Room: Name=LCL_12
Added Room: Name=LCL_13
Added Room: Name=LCL_21
Added Room: Name=LCL_22
Added Room: Name=LCL_23
Added Room: Name=U_Phase Current Voltage Sense1
Added Room: Name=U_Phase Current Voltage Sense2
