Removed Pin From Net: NetName=3V3 Pin=C63_1-1
Removed Pin From Net: NetName=GND Pin=C63_1-2
Removed Pin From Net: NetName=GND Pin=C64_1-2
Removed Pin From Net: NetName=3V3 Pin=C65_1-1
Removed Pin From Net: NetName=GND Pin=C65_1-2
Removed Pin From Net: NetName=3V3 Pin=C66_1-1
Removed Pin From Net: NetName=GND Pin=C66_1-2
Removed Pin From Net: NetName=GND Pin=C67_1-2
Removed Pin From Net: NetName=3V3 Pin=C68_1-1
Removed Pin From Net: NetName=GND Pin=C68_1-2
Removed Pin From Net: NetName=GND Pin=C69_1-2
Removed Pin From Net: NetName=GND Pin=U14_1-2
Removed Pin From Net: NetName=CompRef Pin=U14_1-4
Removed Pin From Net: NetName=3V3 Pin=U14_1-5
Removed Pin From Net: NetName=GND Pin=U15_1-2
Removed Pin From Net: NetName=3V3 Pin=U15_1-5
Removed Pin From Net: NetName=GND Pin=U16_1-2
Removed Pin From Net: NetName=CompRef Pin=U16_1-4
Removed Pin From Net: NetName=3V3 Pin=U16_1-5
Removed Pin From Net: NetName=GND Pin=U17_1-2
Removed Pin From Net: NetName=CompRef Pin=U17_1-4
Removed Pin From Net: NetName=3V3 Pin=U17_1-5
Removed Member From Class: ClassName=Phase Current Voltage Sense Member=U_Phase Current Voltage Sense0
Change Component Designator: OldDesignator=C63_2 NewDesignator=C63_1
Change Component Designator: OldDesignator=C64_2 NewDesignator=C64_1
Change Component Designator: OldDesignator=C65_2 NewDesignator=C65_1
Change Component Designator: OldDesignator=C66_2 NewDesignator=C66_1
Change Component Designator: OldDesignator=C67_2 NewDesignator=C67_1
Change Component Designator: OldDesignator=C68_2 NewDesignator=C68_1
Change Component Designator: OldDesignator=C69_2 NewDesignator=C69_1
Change Component Designator: OldDesignator=R60_2 NewDesignator=R60_1
Change Component Designator: OldDesignator=R61_2 NewDesignator=R61_1
Change Component Designator: OldDesignator=R62_2 NewDesignator=R62_1
Change Component Designator: OldDesignator=R63_2 NewDesignator=R63_1
Change Component Designator: OldDesignator=R64_2 NewDesignator=R64_1
Change Component Designator: OldDesignator=R65_2 NewDesignator=R65_1
Change Component Designator: OldDesignator=R66_2 NewDesignator=R66_1
Change Component Designator: OldDesignator=R67_2 NewDesignator=R67_1
Change Component Designator: OldDesignator=R68_2 NewDesignator=R68_1
Change Component Designator: OldDesignator=U14_2 NewDesignator=U14_1
Change Component Designator: OldDesignator=U15_2 NewDesignator=U15_1
Change Component Designator: OldDesignator=U16_2 NewDesignator=U16_1
Change Component Designator: OldDesignator=U17_2 NewDesignator=U17_1
Added Component: Designator=C63_2(CAPC1608X06N)
Add component (AddParameter): Name = "LatestRevisionDate"; Value = "17-Jul-2002"; VariantName = "[No Variations]"
Add component (AddParameter): Name = "LatestRevisionNote"; Value = "Re-released for DXP Platform."; VariantName = "[No Variations]"
Add component (AddParameter): Name = "PackageDescription"; Value = "Radial Cap, Thru-Hole; 2 Leads; 0.3 in Pin Spacing"; VariantName = "[No Variations]"
Add component (AddParameter): Name = "PackageReference"; Value = "RAD-0.3"; VariantName = "[No Variations]"
Add component (AddParameter): Name = "Published"; Value = "8-Jun-2000"; VariantName = "[No Variations]"
Add component (AddParameter): Name = "Publisher"; Value = "Altium Limited"; VariantName = "[No Variations]"
Add component (AddParameter): Name = "Value"; Value = "0.1uF"; VariantName = "[No Variations]"
Added Component: Designator=C64_2(CAPC1608X06N)
Add component (AddParameter): Name = "LatestRevisionDate"; Value = "17-Jul-2002"; VariantName = "[No Variations]"
Add component (AddParameter): Name = "LatestRevisionNote"; Value = "Re-released for DXP Platform."; VariantName = "[No Variations]"
Add component (AddParameter): Name = "PackageDescription"; Value = "Radial Cap, Thru-Hole; 2 Leads; 0.3 in Pin Spacing"; VariantName = "[No Variations]"
Add component (AddParameter): Name = "PackageReference"; Value = "RAD-0.3"; VariantName = "[No Variations]"
Add component (AddParameter): Name = "Published"; Value = "8-Jun-2000"; VariantName = "[No Variations]"
Add component (AddParameter): Name = "Publisher"; Value = "Altium Limited"; VariantName = "[No Variations]"
Add component (AddParameter): Name = "Value"; Value = "2200pF"; VariantName = "[No Variations]"
Added Component: Designator=C65_2(CAPC1608X06N)
Add component (AddParameter): Name = "LatestRevisionDate"; Value = "17-Jul-2002"; VariantName = "[No Variations]"
Add component (AddParameter): Name = "LatestRevisionNote"; Value = "Re-released for DXP Platform."; VariantName = "[No Variations]"
Add component (AddParameter): Name = "PackageDescription"; Value = "Radial Cap, Thru-Hole; 2 Leads; 0.3 in Pin Spacing"; VariantName = "[No Variations]"
Add component (AddParameter): Name = "PackageReference"; Value = "RAD-0.3"; VariantName = "[No Variations]"
Add component (AddParameter): Name = "Published"; Value = "8-Jun-2000"; VariantName = "[No Variations]"
Add component (AddParameter): Name = "Publisher"; Value = "Altium Limited"; VariantName = "[No Variations]"
Add component (AddParameter): Name = "Value"; Value = "0.1uF"; VariantName = "[No Variations]"
Added Component: Designator=C66_2(CAPC1608X06N)
Add component (AddParameter): Name = "LatestRevisionDate"; Value = "17-Jul-2002"; VariantName = "[No Variations]"
Add component (AddParameter): Name = "LatestRevisionNote"; Value = "Re-released for DXP Platform."; VariantName = "[No Variations]"
Add component (AddParameter): Name = "PackageDescription"; Value = "Radial Cap, Thru-Hole; 2 Leads; 0.3 in Pin Spacing"; VariantName = "[No Variations]"
Add component (AddParameter): Name = "PackageReference"; Value = "RAD-0.3"; VariantName = "[No Variations]"
Add component (AddParameter): Name = "Published"; Value = "8-Jun-2000"; VariantName = "[No Variations]"
Add component (AddParameter): Name = "Publisher"; Value = "Altium Limited"; VariantName = "[No Variations]"
Add component (AddParameter): Name = "Value"; Value = "0.1uF"; VariantName = "[No Variations]"
Added Component: Designator=C67_2(CAPC1608X06N)
Add component (AddParameter): Name = "LatestRevisionDate"; Value = "17-Jul-2002"; VariantName = "[No Variations]"
Add component (AddParameter): Name = "LatestRevisionNote"; Value = "Re-released for DXP Platform."; VariantName = "[No Variations]"
Add component (AddParameter): Name = "PackageDescription"; Value = "Radial Cap, Thru-Hole; 2 Leads; 0.3 in Pin Spacing"; VariantName = "[No Variations]"
Add component (AddParameter): Name = "PackageReference"; Value = "RAD-0.3"; VariantName = "[No Variations]"
Add component (AddParameter): Name = "Published"; Value = "8-Jun-2000"; VariantName = "[No Variations]"
Add component (AddParameter): Name = "Publisher"; Value = "Altium Limited"; VariantName = "[No Variations]"
Add component (AddParameter): Name = "Value"; Value = "2200pF"; VariantName = "[No Variations]"
Added Component: Designator=C68_2(CAPC1608X06N)
Add component (AddParameter): Name = "LatestRevisionDate"; Value = "17-Jul-2002"; VariantName = "[No Variations]"
Add component (AddParameter): Name = "LatestRevisionNote"; Value = "Re-released for DXP Platform."; VariantName = "[No Variations]"
Add component (AddParameter): Name = "PackageDescription"; Value = "Radial Cap, Thru-Hole; 2 Leads; 0.3 in Pin Spacing"; VariantName = "[No Variations]"
Add component (AddParameter): Name = "PackageReference"; Value = "RAD-0.3"; VariantName = "[No Variations]"
Add component (AddParameter): Name = "Published"; Value = "8-Jun-2000"; VariantName = "[No Variations]"
Add component (AddParameter): Name = "Publisher"; Value = "Altium Limited"; VariantName = "[No Variations]"
Add component (AddParameter): Name = "Value"; Value = "0.1uF"; VariantName = "[No Variations]"
Added Component: Designator=C69_2(CAPC1608X06N)
Add component (AddParameter): Name = "LatestRevisionDate"; Value = "17-Jul-2002"; VariantName = "[No Variations]"
Add component (AddParameter): Name = "LatestRevisionNote"; Value = "Re-released for DXP Platform."; VariantName = "[No Variations]"
Add component (AddParameter): Name = "PackageDescription"; Value = "Radial Cap, Thru-Hole; 2 Leads; 0.3 in Pin Spacing"; VariantName = "[No Variations]"
Add component (AddParameter): Name = "PackageReference"; Value = "RAD-0.3"; VariantName = "[No Variations]"
Add component (AddParameter): Name = "Published"; Value = "8-Jun-2000"; VariantName = "[No Variations]"
Add component (AddParameter): Name = "Publisher"; Value = "Altium Limited"; VariantName = "[No Variations]"
Add component (AddParameter): Name = "Value"; Value = "2200pF"; VariantName = "[No Variations]"
Added Component: Designator=R60_2(RESC1608X05N)
Add component (AddParameter): Name = "ComponentLink1Description"; Value = "供应商链接"; VariantName = "[No Variations]"
Add component (AddParameter): Name = "ComponentLink1URL"; Value = "http://www.szlcsc.com/product/details_26546.html"; VariantName = "[No Variations]"
Add component (AddParameter): Name = "Notepad"; Value = ""; VariantName = "[No Variations]"
Add component (AddParameter): Name = "Package"; Value = "0603"; VariantName = "[No Variations]"
Add component (AddParameter): Name = "Supplier"; Value = "LC"; VariantName = "[No Variations]"
Add component (AddParameter): Name = "SuppliersPartNumber"; Value = "C25803"; VariantName = "[No Variations]"
Add component (AddParameter): Name = "Value"; Value = "1MΩ(1%)"; VariantName = "[No Variations]"
Added Component: Designator=R61_2(RESC1608X05N)
Add component (AddParameter): Name = "ComponentLink1Description"; Value = "供应商链接"; VariantName = "[No Variations]"
Add component (AddParameter): Name = "ComponentLink1URL"; Value = "http://www.szlcsc.com/product/details_26546.html"; VariantName = "[No Variations]"
Add component (AddParameter): Name = "Notepad"; Value = ""; VariantName = "[No Variations]"
Add component (AddParameter): Name = "Package"; Value = "0603"; VariantName = "[No Variations]"
Add component (AddParameter): Name = "Supplier"; Value = "LC"; VariantName = "[No Variations]"
Add component (AddParameter): Name = "SuppliersPartNumber"; Value = "C25803"; VariantName = "[No Variations]"
Add component (AddParameter): Name = "Value"; Value = "1MΩ(1%)"; VariantName = "[No Variations]"
Added Component: Designator=R62_2(RESC1608X05N)
Add component (AddParameter): Name = "ComponentLink1Description"; Value = "供应商链接"; VariantName = "[No Variations]"
Add component (AddParameter): Name = "ComponentLink1URL"; Value = "http://www.szlcsc.com/product/details_26546.html"; VariantName = "[No Variations]"
Add component (AddParameter): Name = "Notepad"; Value = ""; VariantName = "[No Variations]"
Add component (AddParameter): Name = "Package"; Value = "0603"; VariantName = "[No Variations]"
Add component (AddParameter): Name = "Supplier"; Value = "LC"; VariantName = "[No Variations]"
Add component (AddParameter): Name = "SuppliersPartNumber"; Value = "C25803"; VariantName = "[No Variations]"
Add component (AddParameter): Name = "Value"; Value = "1MΩ(1%)"; VariantName = "[No Variations]"
Added Component: Designator=R63_2(RESC1608X05N)
Add component (AddParameter): Name = "ComponentLink1Description"; Value = "供应商链接"; VariantName = "[No Variations]"
Add component (AddParameter): Name = "ComponentLink1URL"; Value = "http://www.szlcsc.com/product/details_26546.html"; VariantName = "[No Variations]"
Add component (AddParameter): Name = "Notepad"; Value = ""; VariantName = "[No Variations]"
Add component (AddParameter): Name = "Package"; Value = "0603"; VariantName = "[No Variations]"
Add component (AddParameter): Name = "Supplier"; Value = "LC"; VariantName = "[No Variations]"
Add component (AddParameter): Name = "SuppliersPartNumber"; Value = "C25803"; VariantName = "[No Variations]"
Add component (AddParameter): Name = "Value"; Value = "1MΩ(1%)"; VariantName = "[No Variations]"
Added Component: Designator=R64_2(RESC1608X05N)
Add component (AddParameter): Name = "ComponentLink1Description"; Value = "供应商链接"; VariantName = "[No Variations]"
Add component (AddParameter): Name = "ComponentLink1URL"; Value = "http://www.szlcsc.com/product/details_26546.html"; VariantName = "[No Variations]"
Add component (AddParameter): Name = "Notepad"; Value = ""; VariantName = "[No Variations]"
Add component (AddParameter): Name = "Package"; Value = "0603"; VariantName = "[No Variations]"
Add component (AddParameter): Name = "Supplier"; Value = "LC"; VariantName = "[No Variations]"
Add component (AddParameter): Name = "SuppliersPartNumber"; Value = "C25803"; VariantName = "[No Variations]"
Add component (AddParameter): Name = "Value"; Value = "1MΩ(1%)"; VariantName = "[No Variations]"
Added Component: Designator=R65_2(RESC1608X05N)
Add component (AddParameter): Name = "ComponentLink1Description"; Value = "供应商链接"; VariantName = "[No Variations]"
Add component (AddParameter): Name = "ComponentLink1URL"; Value = "http://www.szlcsc.com/product/details_26546.html"; VariantName = "[No Variations]"
Add component (AddParameter): Name = "Notepad"; Value = ""; VariantName = "[No Variations]"
Add component (AddParameter): Name = "Package"; Value = "0603"; VariantName = "[No Variations]"
Add component (AddParameter): Name = "Supplier"; Value = "LC"; VariantName = "[No Variations]"
Add component (AddParameter): Name = "SuppliersPartNumber"; Value = "C25803"; VariantName = "[No Variations]"
Add component (AddParameter): Name = "Value"; Value = "1MΩ(1%)"; VariantName = "[No Variations]"
Added Component: Designator=R66_2(RESC1608X05N)
Add component (AddParameter): Name = "ComponentLink1Description"; Value = "供应商链接"; VariantName = "[No Variations]"
Add component (AddParameter): Name = "ComponentLink1URL"; Value = "http://www.szlcsc.com/product/details_26546.html"; VariantName = "[No Variations]"
Add component (AddParameter): Name = "Notepad"; Value = ""; VariantName = "[No Variations]"
Add component (AddParameter): Name = "Package"; Value = "0603"; VariantName = "[No Variations]"
Add component (AddParameter): Name = "Supplier"; Value = "LC"; VariantName = "[No Variations]"
Add component (AddParameter): Name = "SuppliersPartNumber"; Value = "C25803"; VariantName = "[No Variations]"
Add component (AddParameter): Name = "Value"; Value = "1MΩ(1%)"; VariantName = "[No Variations]"
Added Component: Designator=R67_2(RESC1608X05N)
Add component (AddParameter): Name = "ComponentLink1Description"; Value = "供应商链接"; VariantName = "[No Variations]"
Add component (AddParameter): Name = "ComponentLink1URL"; Value = "http://www.szlcsc.com/product/details_26546.html"; VariantName = "[No Variations]"
Add component (AddParameter): Name = "Notepad"; Value = ""; VariantName = "[No Variations]"
Add component (AddParameter): Name = "Package"; Value = "0603"; VariantName = "[No Variations]"
Add component (AddParameter): Name = "Supplier"; Value = "LC"; VariantName = "[No Variations]"
Add component (AddParameter): Name = "SuppliersPartNumber"; Value = "C25803"; VariantName = "[No Variations]"
Add component (AddParameter): Name = "Value"; Value = "1MΩ(1%)"; VariantName = "[No Variations]"
Added Component: Designator=R68_2(RESC1608X05N)
Add component (AddParameter): Name = "ComponentLink1Description"; Value = "供应商链接"; VariantName = "[No Variations]"
Add component (AddParameter): Name = "ComponentLink1URL"; Value = "http://www.szlcsc.com/product/details_26546.html"; VariantName = "[No Variations]"
Add component (AddParameter): Name = "Notepad"; Value = ""; VariantName = "[No Variations]"
Add component (AddParameter): Name = "Package"; Value = "0603"; VariantName = "[No Variations]"
Add component (AddParameter): Name = "Supplier"; Value = "LC"; VariantName = "[No Variations]"
Add component (AddParameter): Name = "SuppliersPartNumber"; Value = "C25803"; VariantName = "[No Variations]"
Add component (AddParameter): Name = "Value"; Value = "1MΩ(1%)"; VariantName = "[No Variations]"
Added Component: Designator=U14_2(SOT-23-5_L3.0-W1.7-P0.95-LS2.8-BR)
Add component (AddParameter): Name = "Add into BOM"; Value = "yes"; VariantName = "[No Variations]"
Add component (AddParameter): Name = "Common Mode Rejection Ratio (CMRR)"; Value = "70dB"; VariantName = "[No Variations]"
Add component (AddParameter): Name = "Convert to PCB"; Value = "yes"; VariantName = "[No Variations]"
Add component (AddParameter): Name = "Datasheet"; Value = "https://www.ti.com/cn/lit/gpn/tlv3201"; VariantName = "[No Variations]"
Add component (AddParameter): Name = "Device"; Value = "TLV3201AIDBVR"; VariantName = "[No Variations]"
Add component (AddParameter): Name = "Input Bias Current (Ib)"; Value = "5nA"; VariantName = "[No Variations]"
Add component (AddParameter): Name = "Input Hysteresis Voltage (Vhys)"; Value = "1.2mV"; VariantName = "[No Variations]"
Add component (AddParameter): Name = "Input Offset Voltage (Vos)"; Value = "1mV"; VariantName = "[No Variations]"
Add component (AddParameter): Name = "JLCPCB Part Class"; Value = "Extended Part"; VariantName = "[No Variations]"
Add component (AddParameter): Name = "LCSC Part Name"; Value = "TLV3201AIDBVR"; VariantName = "[No Variations]"
Add component (AddParameter): Name = "Manufacturer"; Value = "TI(德州仪器)"; VariantName = "[No Variations]"
Add component (AddParameter): Name = "Manufacturer Part"; Value = "TLV3201AIDBVR"; VariantName = "[No Variations]"
Add component (AddParameter): Name = "Name"; Value = ""; VariantName = "[No Variations]"
Add component (AddParameter): Name = "Operating Temperature"; Value = "-40℃~+125℃"; VariantName = "[No Variations]"
Add component (AddParameter): Name = "Output Mode"; Value = "-"; VariantName = "[No Variations]"
Add component (AddParameter): Name = "Output Type"; Value = "推挽"; VariantName = "[No Variations]"
Add component (AddParameter): Name = "Propagation Delay Time"; Value = "40ns"; VariantName = "[No Variations]"
Add component (AddParameter): Name = "Rail-to-Rail"; Value = "-"; VariantName = "[No Variations]"
Add component (AddParameter): Name = "Supplier"; Value = "LCSC"; VariantName = "[No Variations]"
Add component (AddParameter): Name = "Supplier Footprint"; Value = "SOT-23-5"; VariantName = "[No Variations]"
Add component (AddParameter): Name = "Supplier Part"; Value = "C105188"; VariantName = "[No Variations]"
Add component (AddParameter): Name = "Supply Current"; Value = "40uA"; VariantName = "[No Variations]"
Add component (AddParameter): Name = "Supply Voltage"; Value = "2.7V~5.5V"; VariantName = "[No Variations]"
Add component (AddParameter): Name = "Symbol"; Value = "TLV3201AIDBVR"; VariantName = "[No Variations]"
Added Component: Designator=U15_2(FP-DCK0006A-MFG)
Add component (AddParameter): Name = "Ambient Temperature Range High"; Value = "+125°C"; VariantName = "[No Variations]"
Add component (AddParameter): Name = "Ambient Temperature Range Low"; Value = "-40°C"; VariantName = "[No Variations]"
Add component (AddParameter): Name = "Automotive"; Value = "No"; VariantName = "[No Variations]"
Add component (AddParameter): Name = "Category"; Value = "IC"; VariantName = "[No Variations]"
Add component (AddParameter): Name = "ComponentLink2Description"; Value = "Datasheet"; VariantName = "[No Variations]"
Add component (AddParameter): Name = "ComponentLink2URL"; Value = "http://www.ti.com/lit/ds/symlink/sn74lvc1g332.pdf"; VariantName = "[No Variations]"
Add component (AddParameter): Name = "Device Class L1"; Value = "Integrated Circuits (ICs)"; VariantName = "[No Variations]"
Add component (AddParameter): Name = "Device Class L2"; Value = "Logic ICs"; VariantName = "[No Variations]"
Add component (AddParameter): Name = "Device Class L3"; Value = "Logic Gates"; VariantName = "[No Variations]"
Add component (AddParameter): Name = "Digikey Description"; Value = "IC GATE OR 1CH 3-INP SC70-6"; VariantName = "[No Variations]"
Add component (AddParameter): Name = "Height"; Value = "1.1mm"; VariantName = "[No Variations]"
Add component (AddParameter): Name = "Lead Free"; Value = "Yes"; VariantName = "[No Variations]"
Add component (AddParameter): Name = "Logic Function Desc"; Value = "Non-Inverting"; VariantName = "[No Variations]"
Add component (AddParameter): Name = "Manufacturer"; Value = "Texas Instruments"; VariantName = "[No Variations]"
Add component (AddParameter): Name = "Manufacturer Part Number"; Value = "SN74LVC1G332DCKR"; VariantName = "[No Variations]"
Add component (AddParameter): Name = "Max Supply Voltage"; Value = "5.5V"; VariantName = "[No Variations]"
Add component (AddParameter): Name = "Min Supply Voltage"; Value = "1.65V"; VariantName = "[No Variations]"
Add component (AddParameter): Name = "Mouser Description"; Value = "Logic Gates Single 3-Input Pos- OR Gate"; VariantName = "[No Variations]"
Add component (AddParameter): Name = "Nominal Supply Current"; Value = "10uA"; VariantName = "[No Variations]"
Add component (AddParameter): Name = "Number Of Circuits"; Value = "1"; VariantName = "[No Variations]"
Add component (AddParameter): Name = "Number Of Inputs"; Value = "3"; VariantName = "[No Variations]"
Add component (AddParameter): Name = "Number Of Outputs"; Value = "1"; VariantName = "[No Variations]"
Add component (AddParameter): Name = "Octopart"; Value = "https://octopart.com/sn74lvc1g332dckr-texas+instruments-464861"; VariantName = "[No Variations]"
Add component (AddParameter): Name = "Package"; Value = "DCK0006A"; VariantName = "[No Variations]"
Add component (AddParameter): Name = "Propagation Delay"; Value = "20ns"; VariantName = "[No Variations]"
Add component (AddParameter): Name = "RoHS"; Value = "TRUE"; VariantName = "[No Variations]"
Add component (AddParameter): Name = "Standoff Height"; Value = "0mm"; VariantName = "[No Variations]"
Add component (AddParameter): Name = "Temperature"; Value = "-40°C to +125°C"; VariantName = "[No Variations]"
Add component (AddParameter): Name = "Temperature Range High"; Value = "+125°C"; VariantName = "[No Variations]"
Add component (AddParameter): Name = "Temperature Range Low"; Value = "-40°C"; VariantName = "[No Variations]"
Added Component: Designator=U16_2(SOT-23-5_L3.0-W1.7-P0.95-LS2.8-BR)
Add component (AddParameter): Name = "Add into BOM"; Value = "yes"; VariantName = "[No Variations]"
Add component (AddParameter): Name = "Common Mode Rejection Ratio (CMRR)"; Value = "70dB"; VariantName = "[No Variations]"
Add component (AddParameter): Name = "Convert to PCB"; Value = "yes"; VariantName = "[No Variations]"
Add component (AddParameter): Name = "Datasheet"; Value = "https://www.ti.com/cn/lit/gpn/tlv3201"; VariantName = "[No Variations]"
Add component (AddParameter): Name = "Device"; Value = "TLV3201AIDBVR"; VariantName = "[No Variations]"
Add component (AddParameter): Name = "Input Bias Current (Ib)"; Value = "5nA"; VariantName = "[No Variations]"
Add component (AddParameter): Name = "Input Hysteresis Voltage (Vhys)"; Value = "1.2mV"; VariantName = "[No Variations]"
Add component (AddParameter): Name = "Input Offset Voltage (Vos)"; Value = "1mV"; VariantName = "[No Variations]"
Add component (AddParameter): Name = "JLCPCB Part Class"; Value = "Extended Part"; VariantName = "[No Variations]"
Add component (AddParameter): Name = "LCSC Part Name"; Value = "TLV3201AIDBVR"; VariantName = "[No Variations]"
Add component (AddParameter): Name = "Manufacturer"; Value = "TI(德州仪器)"; VariantName = "[No Variations]"
Add component (AddParameter): Name = "Manufacturer Part"; Value = "TLV3201AIDBVR"; VariantName = "[No Variations]"
Add component (AddParameter): Name = "Name"; Value = ""; VariantName = "[No Variations]"
Add component (AddParameter): Name = "Operating Temperature"; Value = "-40℃~+125℃"; VariantName = "[No Variations]"
Add component (AddParameter): Name = "Output Mode"; Value = "-"; VariantName = "[No Variations]"
Add component (AddParameter): Name = "Output Type"; Value = "推挽"; VariantName = "[No Variations]"
Add component (AddParameter): Name = "Propagation Delay Time"; Value = "40ns"; VariantName = "[No Variations]"
Add component (AddParameter): Name = "Rail-to-Rail"; Value = "-"; VariantName = "[No Variations]"
Add component (AddParameter): Name = "Supplier"; Value = "LCSC"; VariantName = "[No Variations]"
Add component (AddParameter): Name = "Supplier Footprint"; Value = "SOT-23-5"; VariantName = "[No Variations]"
Add component (AddParameter): Name = "Supplier Part"; Value = "C105188"; VariantName = "[No Variations]"
Add component (AddParameter): Name = "Supply Current"; Value = "40uA"; VariantName = "[No Variations]"
Add component (AddParameter): Name = "Supply Voltage"; Value = "2.7V~5.5V"; VariantName = "[No Variations]"
Add component (AddParameter): Name = "Symbol"; Value = "TLV3201AIDBVR"; VariantName = "[No Variations]"
Added Component: Designator=U17_2(SOT-23-5_L3.0-W1.7-P0.95-LS2.8-BR)
Add component (AddParameter): Name = "Add into BOM"; Value = "yes"; VariantName = "[No Variations]"
Add component (AddParameter): Name = "Common Mode Rejection Ratio (CMRR)"; Value = "70dB"; VariantName = "[No Variations]"
Add component (AddParameter): Name = "Convert to PCB"; Value = "yes"; VariantName = "[No Variations]"
Add component (AddParameter): Name = "Datasheet"; Value = "https://www.ti.com/cn/lit/gpn/tlv3201"; VariantName = "[No Variations]"
Add component (AddParameter): Name = "Device"; Value = "TLV3201AIDBVR"; VariantName = "[No Variations]"
Add component (AddParameter): Name = "Input Bias Current (Ib)"; Value = "5nA"; VariantName = "[No Variations]"
Add component (AddParameter): Name = "Input Hysteresis Voltage (Vhys)"; Value = "1.2mV"; VariantName = "[No Variations]"
Add component (AddParameter): Name = "Input Offset Voltage (Vos)"; Value = "1mV"; VariantName = "[No Variations]"
Add component (AddParameter): Name = "JLCPCB Part Class"; Value = "Extended Part"; VariantName = "[No Variations]"
Add component (AddParameter): Name = "LCSC Part Name"; Value = "TLV3201AIDBVR"; VariantName = "[No Variations]"
Add component (AddParameter): Name = "Manufacturer"; Value = "TI(德州仪器)"; VariantName = "[No Variations]"
Add component (AddParameter): Name = "Manufacturer Part"; Value = "TLV3201AIDBVR"; VariantName = "[No Variations]"
Add component (AddParameter): Name = "Name"; Value = ""; VariantName = "[No Variations]"
Add component (AddParameter): Name = "Operating Temperature"; Value = "-40℃~+125℃"; VariantName = "[No Variations]"
Add component (AddParameter): Name = "Output Mode"; Value = "-"; VariantName = "[No Variations]"
Add component (AddParameter): Name = "Output Type"; Value = "推挽"; VariantName = "[No Variations]"
Add component (AddParameter): Name = "Propagation Delay Time"; Value = "40ns"; VariantName = "[No Variations]"
Add component (AddParameter): Name = "Rail-to-Rail"; Value = "-"; VariantName = "[No Variations]"
Add component (AddParameter): Name = "Supplier"; Value = "LCSC"; VariantName = "[No Variations]"
Add component (AddParameter): Name = "Supplier Footprint"; Value = "SOT-23-5"; VariantName = "[No Variations]"
Add component (AddParameter): Name = "Supplier Part"; Value = "C105188"; VariantName = "[No Variations]"
Add component (AddParameter): Name = "Supply Current"; Value = "40uA"; VariantName = "[No Variations]"
Add component (AddParameter): Name = "Supply Voltage"; Value = "2.7V~5.5V"; VariantName = "[No Variations]"
Add component (AddParameter): Name = "Symbol"; Value = "TLV3201AIDBVR"; VariantName = "[No Variations]"
Added Pin To Net: NetName=3V3 Pin=C63_2-1
Added Pin To Net: NetName=GND Pin=C63_2-2
Added Pin To Net: NetName=GND Pin=C64_2-2
Added Pin To Net: NetName=3V3 Pin=C65_2-1
Added Pin To Net: NetName=GND Pin=C65_2-2
Added Pin To Net: NetName=3V3 Pin=C66_2-1
Added Pin To Net: NetName=GND Pin=C66_2-2
Added Pin To Net: NetName=GND Pin=C67_2-2
Added Pin To Net: NetName=3V3 Pin=C68_2-1
Added Pin To Net: NetName=GND Pin=C68_2-2
Added Pin To Net: NetName=GND Pin=C69_2-2
Added Pin To Net: NetName=IA2 Pin=R60_2-2
Added Pin To Net: NetName=IB2 Pin=R63_2-2
Added Pin To Net: NetName=IC2 Pin=R66_2-2
Added Pin To Net: NetName=GND Pin=U14_2-2
Added Pin To Net: NetName=CompRef Pin=U14_2-4
Added Pin To Net: NetName=3V3 Pin=U14_2-5
Added Pin To Net: NetName=GND Pin=U15_2-2
Added Pin To Net: NetName=IComp2 Pin=U15_2-4
Added Pin To Net: NetName=3V3 Pin=U15_2-5
Added Pin To Net: NetName=GND Pin=U16_2-2
Added Pin To Net: NetName=CompRef Pin=U16_2-4
Added Pin To Net: NetName=3V3 Pin=U16_2-5
Added Pin To Net: NetName=GND Pin=U17_2-2
Added Pin To Net: NetName=CompRef Pin=U17_2-4
Added Pin To Net: NetName=3V3 Pin=U17_2-5
Change Net Name : Old Net Name=NetC64_2_1 New Net Name=NetC64_1_1
Change Net Name : Old Net Name=NetC67_2_1 New Net Name=NetC67_1_1
Change Net Name : Old Net Name=NetC69_2_1 New Net Name=NetC69_1_1
Change Net Name : Old Net Name=NetR61_2_1 New Net Name=NetR61_1_1
Change Net Name : Old Net Name=NetR62_2_1 New Net Name=NetR62_1_1
Change Net Name : Old Net Name=NetR64_2_1 New Net Name=NetR64_1_1
Change Net Name : Old Net Name=NetR65_2_1 New Net Name=NetR65_1_1
Change Net Name : Old Net Name=NetR67_2_1 New Net Name=NetR67_1_1
Change Net Name : Old Net Name=NetR68_2_1 New Net Name=NetR68_1_1
Added Pin To Net: NetName=NetC64_2_1 Pin=C64_2-1
Added Pin To Net: NetName=NetC64_2_1 Pin=R60_2-1
Added Pin To Net: NetName=NetC64_2_1 Pin=R61_2-2
Added Net: Name=NetC64_2_1
Added Pin To Net: NetName=NetC67_2_1 Pin=C67_2-1
Added Pin To Net: NetName=NetC67_2_1 Pin=R63_2-1
Added Pin To Net: NetName=NetC67_2_1 Pin=R64_2-2
Added Net: Name=NetC67_2_1
Added Pin To Net: NetName=NetC69_2_1 Pin=C69_2-1
Added Pin To Net: NetName=NetC69_2_1 Pin=R66_2-1
Added Pin To Net: NetName=NetC69_2_1 Pin=R67_2-2
Added Net: Name=NetC69_2_1
Added Pin To Net: NetName=NetR61_2_1 Pin=R61_2-1
Added Pin To Net: NetName=NetR61_2_1 Pin=R62_2-2
Added Pin To Net: NetName=NetR61_2_1 Pin=U14_2-3
Added Net: Name=NetR61_2_1
Added Pin To Net: NetName=NetR62_2_1 Pin=R62_2-1
Added Pin To Net: NetName=NetR62_2_1 Pin=U14_2-1
Added Pin To Net: NetName=NetR62_2_1 Pin=U15_2-1
Added Net: Name=NetR62_2_1
Added Pin To Net: NetName=NetR64_2_1 Pin=R64_2-1
Added Pin To Net: NetName=NetR64_2_1 Pin=R65_2-2
Added Pin To Net: NetName=NetR64_2_1 Pin=U16_2-3
Added Net: Name=NetR64_2_1
Added Pin To Net: NetName=NetR65_2_1 Pin=R65_2-1
Added Pin To Net: NetName=NetR65_2_1 Pin=U15_2-3
Added Pin To Net: NetName=NetR65_2_1 Pin=U16_2-1
Added Net: Name=NetR65_2_1
Added Pin To Net: NetName=NetR67_2_1 Pin=R67_2-1
Added Pin To Net: NetName=NetR67_2_1 Pin=R68_2-2
Added Pin To Net: NetName=NetR67_2_1 Pin=U17_2-3
Added Net: Name=NetR67_2_1
Added Pin To Net: NetName=NetR68_2_1 Pin=R68_2-1
Added Pin To Net: NetName=NetR68_2_1 Pin=U15_2-6
Added Pin To Net: NetName=NetR68_2_1 Pin=U17_2-1
Added Net: Name=NetR68_2_1
Added Pin To Net: NetName=Ph0 Pin=R127_1-2
Added Pin To Net: NetName=Ph0 Pin=R129_1-1
Added Pin To Net: NetName=Ph0 Pin=U13_1-8
Added Net: Name=Ph0
Added Pin To Net: NetName=Ph1 Pin=R127_2-2
Added Pin To Net: NetName=Ph1 Pin=R129_2-1
Added Pin To Net: NetName=Ph1 Pin=U13_2-8
Added Net: Name=Ph1
Added Pin To Net: NetName=Ph2 Pin=R127_3-2
Added Pin To Net: NetName=Ph2 Pin=R129_3-1
Added Pin To Net: NetName=Ph2 Pin=U13_3-8
Added Net: Name=Ph2
Added Pin To Net: NetName=Ph3 Pin=R127_4-2
Added Pin To Net: NetName=Ph3 Pin=R129_4-1
Added Pin To Net: NetName=Ph3 Pin=U13_4-8
Added Net: Name=Ph3
Added Pin To Net: NetName=Ph4 Pin=R127_5-2
Added Pin To Net: NetName=Ph4 Pin=R129_5-1
Added Pin To Net: NetName=Ph4 Pin=U13_5-8
Added Net: Name=Ph4
Added Pin To Net: NetName=Ph5 Pin=R127_6-2
Added Pin To Net: NetName=Ph5 Pin=R129_6-1
Added Pin To Net: NetName=Ph5 Pin=U13_6-8
Added Net: Name=Ph5
Added Class: Name=U_Phase Current Voltage Sense2
Added Class: Name=IA_[1..2]
Added Class: Name=IB_[1..2]
Added Class: Name=IC_[1..2]
Added Class: Name=IComp_[1..2]
Added Member To Class: ClassName=Phase Current Voltage Sense Member=U_Phase Current Voltage Sense2 (Phase Current Voltage Sense.SchDoc)
Added Room: Name=1
Added Room: Name=3
Added Room: Name=Fdbk_11
Added Room: Name=Fdbk_12
Added Room: Name=Fdbk_13
Added Room: Name=Fdbk_21
Added Room: Name=Fdbk_22
Added Room: Name=Fdbk_23
Added Room: Name=Intermediate_LCL_Top_20230320
Added Room: Name=LCL_11
Added Room: Name=LCL_12
Added Room: Name=LCL_13
Added Room: Name=LCL_21
Added Room: Name=LCL_22
Added Room: Name=LCL_23
Added Room: Name=U_Phase Current Voltage Sense1
Added Room: Name=U_Phase Current Voltage Sense2
