Change Component Designator: Old Designator=C2 New Designator=C21
Change Component Designator: Old Designator=C4 New Designator=C1
Change Component Designator: Old Designator=C5 New Designator=C6
Change Component Designator: Old Designator=C6 New Designator=C11
Change Component Designator: Old Designator=C7 New Designator=C16
Change Component Designator: Old Designator=C8 New Designator=C2
Change Component Designator: Old Designator=C9 New Designator=C3
Change Component Designator: Old Designator=C10 New Designator=C4
Change Component Designator: Old Designator=C11 New Designator=C5
Change Component Designator: Old Designator=C12 New Designator=C7
Change Component Designator: Old Designator=C13 New Designator=C8
Change Component Designator: Old Designator=C14 New Designator=C9
Change Component Designator: Old Designator=C15 New Designator=C10
Change Component Designator: Old Designator=C16 New Designator=C12
Change Component Designator: Old Designator=C17 New Designator=C13
Change Component Designator: Old Designator=C18 New Designator=C14
Change Component Designator: Old Designator=C19 New Designator=C15
Change Component Designator: Old Designator=C20 New Designator=C17
Change Component Designator: Old Designator=C21 New Designator=C18
Change Component Designator: Old Designator=C22 New Designator=C19
Change Component Designator: Old Designator=C23 New Designator=C20
Change Component Designator: Old Designator=J1 New Designator=J2
Change Component Designator: Old Designator=J2 New Designator=J3
Change Component Designator: Old Designator=J5 New Designator=J8
Change Component Designator: Old Designator=J6 New Designator=J4
Change Component Designator: Old Designator=J7 New Designator=J1
Change Component Designator: Old Designator=J8 New Designator=J7
Change Component Designator: Old Designator=J9 New Designator=J5
Change Component Designator: Old Designator=J10 New Designator=J9
Change Component Designator: Old Designator=J13 New Designator=J10
Change Component Designator: Old Designator=J14 New Designator=J12
Change Component Designator: Old Designator=J15 New Designator=J13
Change Component Designator: Old Designator=J16 New Designator=J14
Change Component Designator: Old Designator=J17 New Designator=J11
Change Component Designator: Old Designator=J18 New Designator=J6
Change Component Designator: Old Designator=J19 New Designator=J15
Change Component Designator: Old Designator=J20 New Designator=J16
Change Component Designator: Old Designator=R5 New Designator=R1
Change Component Designator: Old Designator=R6 New Designator=R2
Change Component Designator: Old Designator=R7 New Designator=R3
Change Component Designator: Old Designator=R8 New Designator=R4
Change Component Designator: Old Designator=R9 New Designator=R5
Change Component Designator: Old Designator=R10 New Designator=R6
Change Component Designator: Old Designator=R11 New Designator=R7
Change Component Designator: Old Designator=R12 New Designator=R8
Change Component Designator: Old Designator=R13 New Designator=R9
Change Component Designator: Old Designator=R14 New Designator=R10
Change Component Designator: Old Designator=R15 New Designator=R11
Change Component Designator: Old Designator=R16 New Designator=R12
Change Component Designator: Old Designator=TP6 New Designator=TP5
Change Component Designator: Old Designator=TP7 New Designator=TP6
Change Component Designator: Old Designator=TP8 New Designator=TP7
Change Component Designator: Old Designator=TP9 New Designator=TP8
Change Component Designator: Old Designator=TP10 New Designator=TP9
Change Component Designator: Old Designator=TP11 New Designator=TP10
Change Component Designator: Old Designator=TP17 New Designator=TP11
Change Component Designator: Old Designator=TP18 New Designator=TP12
Change Component Designator: Old Designator=TP19 New Designator=TP17
Change Component Designator: Old Designator=TP20 New Designator=TP18
Change Component Designator: Old Designator=TP35 New Designator=TP19
Change Component Designator: Old Designator=U3 New Designator=U2
Change Component Designator: Old Designator=U4 New Designator=U3
Change Component Designator: Old Designator=U5 New Designator=U1
Change Component Designator: Old Designator=U6 New Designator=U4
