Removed Pin From Net: NetName=NetC42_2 Pin=U7-6
Change Component DesignItemId : Designator=C73 Old DesignItemId= New DesignItemId=Cap
Change Component Footprint: Designator=DS1 Old Footprint=VISH-TLMX1100_V New Footprint=VISH-TLMX1100_V
Change Component Footprint: Designator=DS2 Old Footprint=VISH-TLMX1100_V New Footprint=VISH-TLMX1100_V
Change Component Comment : Designator=TP19 Old Comment=AGND New Comment=GND
Added Pin To Net: NetName=GND Pin=C2-1
Added Pin To Net: NetName=GND Pin=C3-1
Added Pin To Net: NetName=GND Pin=C4-1
Added Pin To Net: NetName=GND Pin=C5-1
Added Pin To Net: NetName=GND Pin=C6-1
Added Pin To Net: NetName=GND Pin=C7-1
Added Pin To Net: NetName=GND Pin=C8-1
Added Pin To Net: NetName=GND Pin=C9-1
Added Pin To Net: NetName=GND Pin=C10-1
Added Pin To Net: NetName=GND Pin=C12-1
Added Pin To Net: NetName=GND Pin=C13-1
Added Pin To Net: NetName=GND Pin=C14-1
Added Pin To Net: NetName=GND Pin=C15-1
Added Pin To Net: NetName=GND Pin=C16-1
Added Pin To Net: NetName=GND Pin=C17-1
Added Pin To Net: NetName=GND Pin=C18-1
Added Pin To Net: NetName=GND Pin=C19-1
Added Pin To Net: NetName=GND Pin=C20-1
Added Pin To Net: NetName=GND Pin=C21-1
Added Pin To Net: NetName=GND Pin=C23_1-1
Added Pin To Net: NetName=GND Pin=C23_2-1
Added Pin To Net: NetName=GND Pin=C23_3-1
Added Pin To Net: NetName=GND Pin=C24_1-1
Added Pin To Net: NetName=GND Pin=C24_2-1
Added Pin To Net: NetName=GND Pin=C24_3-1
Added Pin To Net: NetName=GND Pin=C25_1-1
Added Pin To Net: NetName=GND Pin=C25_2-1
Added Pin To Net: NetName=GND Pin=C25_3-1
Added Pin To Net: NetName=GND Pin=C26_1-1
Added Pin To Net: NetName=GND Pin=C26_2-1
Added Pin To Net: NetName=GND Pin=C26_3-1
Added Pin To Net: NetName=GND Pin=C28_1-1
Added Pin To Net: NetName=GND Pin=C28_2-1
Added Pin To Net: NetName=GND Pin=C28_3-1
Added Pin To Net: NetName=GND Pin=C29_1-1
Added Pin To Net: NetName=GND Pin=C29_2-1
Added Pin To Net: NetName=GND Pin=C29_3-1
Added Pin To Net: NetName=GND Pin=C30_1-1
Added Pin To Net: NetName=GND Pin=C30_2-1
Added Pin To Net: NetName=GND Pin=C30_3-1
Added Pin To Net: NetName=GND Pin=C31_1-1
Added Pin To Net: NetName=GND Pin=C31_2-1
Added Pin To Net: NetName=GND Pin=C31_3-1
Added Pin To Net: NetName=GND Pin=J2-01
Added Pin To Net: NetName=GND Pin=J2-02
Added Pin To Net: NetName=GND Pin=J2-04
Added Pin To Net: NetName=GND Pin=J2-06
Added Pin To Net: NetName=GND Pin=J2-08
Added Pin To Net: NetName=GND Pin=J2-10
Added Pin To Net: NetName=GND Pin=J2-13
Added Pin To Net: NetName=GND Pin=J2-14
Added Pin To Net: NetName=GND Pin=J2-16
Added Pin To Net: NetName=GND Pin=J2-18
Added Pin To Net: NetName=GND Pin=J2-20
Added Pin To Net: NetName=GND Pin=J2-22
Added Pin To Net: NetName=GND Pin=J2-25
Added Pin To Net: NetName=GND Pin=J2-26
Added Pin To Net: NetName=GND Pin=J2-28
Added Pin To Net: NetName=GND Pin=J2-30
Added Pin To Net: NetName=GND Pin=J2-32
Added Pin To Net: NetName=GND Pin=J2-34
Added Pin To Net: NetName=GND Pin=J2-37
Added Pin To Net: NetName=GND Pin=J2-38
Added Pin To Net: NetName=GND Pin=J2-40
Added Pin To Net: NetName=GND Pin=J2-42
Added Pin To Net: NetName=GND Pin=J2-44
Added Pin To Net: NetName=GND Pin=J2-46
Added Pin To Net: NetName=GND Pin=J2-49
Added Pin To Net: NetName=GND Pin=J2-50
Added Pin To Net: NetName=GND Pin=J3-02
Added Pin To Net: NetName=GND Pin=J3-04
Added Pin To Net: NetName=GND Pin=J3-06
Added Pin To Net: NetName=GND Pin=J3-08
Added Pin To Net: NetName=GND Pin=J3-10
Added Pin To Net: NetName=GND Pin=J3-12
Added Pin To Net: NetName=GND Pin=J3-14
Added Pin To Net: NetName=GND Pin=J3-16
Added Pin To Net: NetName=GND Pin=J3-18
Added Pin To Net: NetName=GND Pin=J3-20
Added Pin To Net: NetName=GND Pin=J3-22
Added Pin To Net: NetName=GND Pin=J3-24
Added Pin To Net: NetName=GND Pin=J3-26
Added Pin To Net: NetName=GND Pin=J3-28
Added Pin To Net: NetName=GND Pin=J3-30
Added Pin To Net: NetName=GND Pin=J3-32
Added Pin To Net: NetName=GND Pin=J3-34
Added Pin To Net: NetName=GND Pin=J3-36
Added Pin To Net: NetName=GND Pin=J3-38
Added Pin To Net: NetName=GND Pin=J3-40
Added Pin To Net: NetName=GND Pin=R3-1
Added Pin To Net: NetName=GND Pin=R6-2
Added Pin To Net: NetName=GND Pin=R9-1
Added Pin To Net: NetName=GND Pin=R12-2
Added Pin To Net: NetName=GND Pin=R14_1-1
Added Pin To Net: NetName=GND Pin=R14_2-1
Added Pin To Net: NetName=GND Pin=R14_3-1
Added Pin To Net: NetName=GND Pin=R16_1-1
Added Pin To Net: NetName=GND Pin=R16_2-1
Added Pin To Net: NetName=GND Pin=R16_3-1
Added Pin To Net: NetName=GND Pin=R20_1-1
Added Pin To Net: NetName=GND Pin=R20_2-1
Added Pin To Net: NetName=GND Pin=R20_3-1
Added Pin To Net: NetName=GND Pin=R24_1-1
Added Pin To Net: NetName=GND Pin=R24_2-1
Added Pin To Net: NetName=GND Pin=R24_3-1
Added Pin To Net: NetName=GND Pin=TP19-1
Added Pin To Net: NetName=NetC42_2 Pin=U7-6
Added Room: Name=1
Added Room: Name=2
Added Room: Name=3
Added Room: Name=4
Added Room: Name=Fdbk_11
Added Room: Name=Fdbk_12
Added Room: Name=Fdbk_13
Added Room: Name=Fdbk_21
Added Room: Name=Fdbk_22
Added Room: Name=Fdbk_23
Added Room: Name=Intermediate_LCL_Top_20230320
Added Room: Name=LCL_11
Added Room: Name=LCL_12
Added Room: Name=LCL_13
Added Room: Name=LCL_21
Added Room: Name=LCL_22
Added Room: Name=LCL_23
