Change Component Designator: Old Designator=C64 New Designator=C153
Change Component Designator: Old Designator=C65 New Designator=C155
Change Component Designator: Old Designator=C66 New Designator=C156
Change Component Designator: Old Designator=C67 New Designator=C157
Change Component Designator: Old Designator=C68 New Designator=C158
Change Component Designator: Old Designator=C69 New Designator=C159
Change Component Designator: Old Designator=C70 New Designator=C160
Change Component Designator: Old Designator=C71 New Designator=C161
Change Component Designator: Old Designator=C72 New Designator=C152
Change Component Designator: Old Designator=C73 New Designator=C154
Change Component Designator: Old Designator=C74 New Designator=C162
Change Component Designator: Old Designator=C121 New Designator=C141
Change Component Designator: Old Designator=C122 New Designator=C142
Change Component Designator: Old Designator=C123 New Designator=C143
Change Component Designator: Old Designator=C124 New Designator=C144
Change Component Designator: Old Designator=C125 New Designator=C145
Change Component Designator: Old Designator=C126 New Designator=C146
Change Component Designator: Old Designator=C127 New Designator=C147
Change Component Designator: Old Designator=C128 New Designator=C148
Change Component Designator: Old Designator=C129 New Designator=C149
Change Component Designator: Old Designator=C130 New Designator=C150
Change Component Designator: Old Designator=C131 New Designator=C151
Change Component Designator: Old Designator=D1 New Designator=D5
Change Component Designator: Old Designator=D2 New Designator=D6
Change Component Designator: Old Designator=D3 New Designator=D7
Change Component Designator: Old Designator=D4 New Designator=D8
Change Component Designator: Old Designator=D5 New Designator=D1
Change Component Designator: Old Designator=D6 New Designator=D2
Change Component Designator: Old Designator=D7 New Designator=D3
Change Component Designator: Old Designator=D8 New Designator=D4
Change Component Designator: Old Designator=J3 New Designator=J19
Change Component Designator: Old Designator=J11 New Designator=J18
Change Component Designator: Old Designator=P2 New Designator=P1
Change Component Designator: Old Designator=R61 New Designator=R159
Change Component Designator: Old Designator=R62 New Designator=R160
Change Component Designator: Old Designator=R63 New Designator=R161
Change Component Designator: Old Designator=R64 New Designator=R162
Change Component Designator: Old Designator=R65 New Designator=R163
Change Component Designator: Old Designator=R66 New Designator=R166
Change Component Designator: Old Designator=R67 New Designator=R167
Change Component Designator: Old Designator=R69 New Designator=R168
Change Component Designator: Old Designator=R70 New Designator=R164
Change Component Designator: Old Designator=R71 New Designator=R165
Change Component Designator: Old Designator=R72 New Designator=R169
Change Component Designator: Old Designator=R80 New Designator=R171
Change Component Designator: Old Designator=R81 New Designator=R172
Change Component Designator: Old Designator=R82 New Designator=R173
Change Component Designator: Old Designator=R83 New Designator=R174
Change Component Designator: Old Designator=R84 New Designator=R175
Change Component Designator: Old Designator=R85 New Designator=R176
Change Component Designator: Old Designator=R86 New Designator=R183
Change Component Designator: Old Designator=R87 New Designator=R184
Change Component Designator: Old Designator=R88 New Designator=R186
Change Component Designator: Old Designator=R89 New Designator=R187
Change Component Designator: Old Designator=R126 New Designator=R130
Change Component Designator: Old Designator=R127 New Designator=R131
Change Component Designator: Old Designator=R128 New Designator=R132
Change Component Designator: Old Designator=R129 New Designator=R133
Change Component Designator: Old Designator=R130 New Designator=R134
Change Component Designator: Old Designator=R131 New Designator=R135
Change Component Designator: Old Designator=R132 New Designator=R136
Change Component Designator: Old Designator=R133 New Designator=R137
Change Component Designator: Old Designator=R134 New Designator=R138
Change Component Designator: Old Designator=R135 New Designator=R139
Change Component Designator: Old Designator=R136 New Designator=R140
Change Component Designator: Old Designator=R137 New Designator=R141
Change Component Designator: Old Designator=R138 New Designator=R142
Change Component Designator: Old Designator=R139 New Designator=R143
Change Component Designator: Old Designator=R140 New Designator=R144
Change Component Designator: Old Designator=R141 New Designator=R145
Change Component Designator: Old Designator=R142 New Designator=R146
Change Component Designator: Old Designator=R143 New Designator=R147
Change Component Designator: Old Designator=R144 New Designator=R148
Change Component Designator: Old Designator=R145 New Designator=R149
Change Component Designator: Old Designator=R146 New Designator=R150
Change Component Designator: Old Designator=R147 New Designator=R151
Change Component Designator: Old Designator=R148 New Designator=R152
Change Component Designator: Old Designator=R149 New Designator=R153
Change Component Designator: Old Designator=R150 New Designator=R154
Change Component Designator: Old Designator=R151 New Designator=R155
Change Component Designator: Old Designator=R152 New Designator=R156
Change Component Designator: Old Designator=R153 New Designator=R157
Change Component Designator: Old Designator=R154 New Designator=R158
Change Component Designator: Old Designator=R155 New Designator=R170
Change Component Designator: Old Designator=R156 New Designator=R177
Change Component Designator: Old Designator=R157 New Designator=R178
Change Component Designator: Old Designator=R158 New Designator=R179
Change Component Designator: Old Designator=R159 New Designator=R180
Change Component Designator: Old Designator=R160 New Designator=R181
Change Component Designator: Old Designator=R161 New Designator=R182
Change Component Designator: Old Designator=R162 New Designator=R185
Change Component Designator: Old Designator=U15 New Designator=U35
Change Component Designator: Old Designator=U16 New Designator=U36
Change Component Designator: Old Designator=U29 New Designator=U33
Change Component Designator: Old Designator=U30 New Designator=U34
