Change Component Designator: Old Designator=C1 New Designator=C32
Change Component Designator: Old Designator=C2 New Designator=C33
Change Component Designator: Old Designator=C3 New Designator=C34
Change Component Designator: Old Designator=C4 New Designator=C35
Change Component Designator: Old Designator=C5 New Designator=C36
Change Component Designator: Old Designator=C6 New Designator=C37
Change Component Designator: Old Designator=C7 New Designator=C38
Change Component Designator: Old Designator=C8 New Designator=C39
Change Component Designator: Old Designator=C9 New Designator=C40
Change Component Designator: Old Designator=C10 New Designator=C41
Change Component Designator: Old Designator=C11 New Designator=C42
Change Component Designator: Old Designator=C12 New Designator=C43
Change Component Designator: Old Designator=C13 New Designator=C44
Change Component Designator: Old Designator=C14 New Designator=C45
Change Component Designator: Old Designator=C15 New Designator=C47
Change Component Designator: Old Designator=C16 New Designator=C48
Change Component Designator: Old Designator=C75 New Designator=C46
Change Component Designator: Old Designator=J4 New Designator=J17
Change Component Designator: Old Designator=L1 New Designator=L7
Change Component Designator: Old Designator=L2 New Designator=L8
Change Component Designator: Old Designator=R1 New Designator=R25
Change Component Designator: Old Designator=R2 New Designator=R26
Change Component Designator: Old Designator=R3 New Designator=R27
Change Component Designator: Old Designator=R4 New Designator=R28
Change Component Designator: Old Designator=R5 New Designator=R29
Change Component Designator: Old Designator=R6 New Designator=R30
Change Component Designator: Old Designator=R7 New Designator=R31
Change Component Designator: Old Designator=R8 New Designator=R32
Change Component Designator: Old Designator=R9 New Designator=R33
Change Component Designator: Old Designator=R10 New Designator=R34
Change Component Designator: Old Designator=R11 New Designator=R35
Change Component Designator: Old Designator=R12 New Designator=R36
Change Component Designator: Old Designator=R13 New Designator=R37
Change Component Designator: Old Designator=R14 New Designator=R38
Change Component Designator: Old Designator=R15 New Designator=R40
Change Component Designator: Old Designator=R16 New Designator=R41
Change Component Designator: Old Designator=R17 New Designator=R49
Change Component Designator: Old Designator=R18 New Designator=R50
Change Component Designator: Old Designator=R68 New Designator=R42
Change Component Designator: Old Designator=R73 New Designator=R43
Change Component Designator: Old Designator=R74 New Designator=R44
Change Component Designator: Old Designator=R75 New Designator=R45
Change Component Designator: Old Designator=R76 New Designator=R46
Change Component Designator: Old Designator=R77 New Designator=R47
Change Component Designator: Old Designator=R78 New Designator=R48
Change Component Designator: Old Designator=R90 New Designator=R39
Change Component Designator: Old Designator=U1 New Designator=U7
Change Component Designator: Old Designator=U2 New Designator=U9
Change Component Designator: Old Designator=U3 New Designator=U8
Change Component Designator: Old Designator=U17 New Designator=U10
